#
# There is insufficient memory for the Java Runtime Environment to continue.
# Native memory allocation (malloc) failed to allocate 1652336 bytes for Chunk::new
# Possible reasons:
#   The system is out of physical RAM or swap space
#   The process is running with CompressedOops enabled, and the Java Heap may be blocking the growth of the native heap
# Possible solutions:
#   Reduce memory load on the system
#   Increase physical memory or swap space
#   Check if swap backing store is full
#   Decrease Java heap size (-Xmx/-Xms)
#   Decrease number of Java threads
#   Decrease Java thread stack sizes (-Xss)
#   Set larger code cache with -XX:ReservedCodeCacheSize=
#   JVM is running with Unscaled Compressed Oops mode in which the Java heap is
#     placed in the first 4GB address space. The Java Heap base address is the
#     maximum limit for the native heap growth. Please use -XX:HeapBaseMinAddress
#     to set the Java Heap base and to place the Java Heap above 4GB virtual address.
# This output file may be truncated or incomplete.
#
#  Out of Memory Error (./src/hotspot/share/memory/arena.cpp:197), pid=4812, tid=9556
#
# JRE version: OpenJDK Runtime Environment (11.0.8+10) (build 11.0.8+10-b944.6842174)
# Java VM: OpenJDK 64-Bit Server VM (11.0.8+10-b944.6842174, mixed mode, tiered, compressed oops, g1 gc, windows-amd64)
# No core dump will be written. Minidumps are not enabled by default on client versions of Windows
#

---------------  S U M M A R Y ------------

Command Line: --add-opens=java.base/java.util=ALL-UNNAMED --add-opens=java.base/java.lang=ALL-UNNAMED --add-opens=java.base/java.lang.invoke=ALL-UNNAMED --add-opens=java.prefs/java.util.prefs=ALL-UNNAMED -Xmx2048m -Dfile.encoding=UTF-8 -Duser.country=CN -Duser.language=zh -Duser.variant org.gradle.launcher.daemon.bootstrap.GradleDaemon 6.7.1

Host: Intel(R) Core(TM) i5-7300HQ CPU @ 2.50GHz, 4 cores, 7G,  Windows 10 , 64 bit Build 19041 (10.0.19041.1202)
Time: Fri Oct 15 23:33:49 2021 中国标准时间 elapsed time: 4206 seconds (0d 1h 10m 6s)

---------------  T H R E A D  ---------------

Current thread (0x0000024611141800):  JavaThread "C2 CompilerThread1" daemon [_thread_in_native, id=9556, stack(0x000000f94ff00000,0x000000f950000000)]


Current CompileTask:
C2:4206760 31957       4       org.gradle.api.internal.artifacts.ivyservice.resolveengine.result.DefaultResolutionResultBuilder::visitOutgoingEdges (281 bytes)

Stack: [0x000000f94ff00000,0x000000f950000000]
Native frames: (J=compiled Java code, j=interpreted, Vv=VM code, C=native code)
V  [jvm.dll+0x5de50a]
V  [jvm.dll+0x7122f5]
V  [jvm.dll+0x71384d]
V  [jvm.dll+0x713f03]
V  [jvm.dll+0x23e728]
V  [jvm.dll+0xb899c]
V  [jvm.dll+0xb8e9c]
V  [jvm.dll+0x35020b]
V  [jvm.dll+0x31dea3]
V  [jvm.dll+0x31d39a]
V  [jvm.dll+0x1f7702]
V  [jvm.dll+0x1f68d4]
V  [jvm.dll+0x17f32c]
V  [jvm.dll+0x205047]
V  [jvm.dll+0x203891]
V  [jvm.dll+0x6dad3f]
V  [jvm.dll+0x6d3895]
V  [jvm.dll+0x5dd4a6]
C  [ucrtbase.dll+0x21bb2]
C  [KERNEL32.DLL+0x17034]
C  [ntdll.dll+0x52651]


---------------  P R O C E S S  ---------------

Threads class SMR info:
_java_thread_list=0x000002460f65eb00, length=143, elements={
0x00000246712fa000, 0x000002467de45000, 0x000002467de50800, 0x000002467e756800,
0x000002467de64800, 0x000002467de66800, 0x000002467de6a000, 0x000002467e79b000,
0x000002467e89a000, 0x000002467e8bb000, 0x0000024610039000, 0x000002467f275000,
0x000002460ff17800, 0x000002461072c800, 0x000002461072f800, 0x000002461072a000,
0x000002461072b000, 0x000002461138c800, 0x0000024611356000, 0x00000246154bd800,
0x00000246103f1000, 0x0000024611ebd000, 0x0000024611ebd800, 0x0000024611391800,
0x00000246103f7000, 0x00000246103f4800, 0x00000246103f5000, 0x00000246103f6000,
0x00000246118dc000, 0x00000246118e1800, 0x00000246118e2800, 0x00000246118dd000,
0x00000246118e3800, 0x00000246118dd800, 0x00000246118df800, 0x00000246118e4000,
0x00000246118de800, 0x00000246118e5000, 0x00000246118e0000, 0x00000246118ea000,
0x00000246118ea800, 0x00000246118e6000, 0x00000246118e6800, 0x00000246118e7800,
0x00000246118e8800, 0x00000246118e9000, 0x00000246154c0000, 0x00000246154c2800,
0x00000246154c1800, 0x00000246154be800, 0x00000246154c1000, 0x00000246154bf000,
0x00000246154bd000, 0x00000246154c9000, 0x00000246154c5000, 0x00000246154c6000,
0x00000246154c3800, 0x00000246154c4000, 0x00000246154ca000, 0x00000246154ca800,
0x00000246154cb800, 0x00000246154c6800, 0x00000246154c7800, 0x00000246154c8000,
0x000002461134f800, 0x0000024611353800, 0x0000024611350000, 0x0000024611352000,
0x0000024611352800, 0x0000024611351000, 0x000002461134e000, 0x0000024611354800,
0x000002461134e800, 0x0000024611358800, 0x0000024611356800, 0x0000024611357800,
0x0000024611359000, 0x0000024611355000, 0x000002461135a000, 0x000002461135c800,
0x000002461135b000, 0x000002461135b800, 0x0000024617969800, 0x000002461796b000,
0x000002461796c000, 0x000002461796e800, 0x000002461796d000, 0x0000024617970000,
0x000002461796a800, 0x0000024617973800, 0x0000024617971000, 0x0000024617971800,
0x0000024617972800, 0x000002461796d800, 0x0000024617976000, 0x0000024617975000,
0x0000024617974000, 0x0000024617976800, 0x0000024617977800, 0x0000024617978000,
0x0000024611ed7000, 0x0000024611ed8000, 0x0000024611ed6000, 0x0000024611ed5800,
0x0000024611ed2000, 0x0000024611ed3800, 0x0000024611ed3000, 0x0000024611edc000,
0x0000024611eda000, 0x0000024611edc800, 0x0000024611edd800, 0x0000024611edb000,
0x0000024611ede800, 0x0000024611ed8800, 0x0000024611edf000, 0x0000024611ee0000,
0x0000024611ee0800, 0x0000024611389800, 0x0000024611387000, 0x000002461138a000,
0x000002461138f000, 0x0000024610730800, 0x000002461072f000, 0x000002461072b800,
0x000002461072d000, 0x000002461072e000, 0x00000246103e9000, 0x00000246103ec000,
0x00000246103e8000, 0x00000246103ee800, 0x00000246103ef800, 0x00000246103ed000,
0x00000246103e9800, 0x00000246103ea800, 0x00000246103ee000, 0x00000246103f0000,
0x0000024611141800, 0x00000246103eb800, 0x00000246103f2800, 0x00000246103f2000,
0x00000246103f3800, 0x000002461138b000, 0x000002461138c000
}

Java Threads: ( => current thread )
  0x00000246712fa000 JavaThread "main" [_thread_blocked, id=17172, stack(0x000000f947500000,0x000000f947600000)]
  0x000002467de45000 JavaThread "Reference Handler" daemon [_thread_blocked, id=17072, stack(0x000000f947c00000,0x000000f947d00000)]
  0x000002467de50800 JavaThread "Finalizer" daemon [_thread_blocked, id=21852, stack(0x000000f947d00000,0x000000f947e00000)]
  0x000002467e756800 JavaThread "Signal Dispatcher" daemon [_thread_blocked, id=20312, stack(0x000000f947e00000,0x000000f947f00000)]
  0x000002467de64800 JavaThread "Attach Listener" daemon [_thread_blocked, id=20560, stack(0x000000f947f00000,0x000000f948000000)]
  0x000002467de66800 JavaThread "C2 CompilerThread0" daemon [_thread_blocked, id=19400, stack(0x000000f948000000,0x000000f948100000)]
  0x000002467de6a000 JavaThread "C1 CompilerThread0" daemon [_thread_blocked, id=19020, stack(0x000000f948100000,0x000000f948200000)]
  0x000002467e79b000 JavaThread "Sweeper thread" daemon [_thread_blocked, id=20752, stack(0x000000f948200000,0x000000f948300000)]
  0x000002467e89a000 JavaThread "Common-Cleaner" daemon [_thread_blocked, id=20296, stack(0x000000f948300000,0x000000f948400000)]
  0x000002467e8bb000 JavaThread "Service Thread" daemon [_thread_blocked, id=19208, stack(0x000000f948400000,0x000000f948500000)]
  0x0000024610039000 JavaThread "Daemon health stats" [_thread_blocked, id=11172, stack(0x000000f948900000,0x000000f948a00000)]
  0x000002467f275000 JavaThread "Incoming local TCP Connector on port 50865" [_thread_in_native, id=17416, stack(0x000000f948b00000,0x000000f948c00000)]
  0x000002460ff17800 JavaThread "Daemon periodic checks" [_thread_blocked, id=7812, stack(0x000000f948c00000,0x000000f948d00000)]
  0x000002461072c800 JavaThread "Cache worker for file hash cache (C:\Users\村\.gradle\caches\6.7.1\fileHashes)" [_thread_blocked, id=18684, stack(0x000000f949500000,0x000000f949600000)]
  0x000002461072f800 JavaThread "File lock request listener" [_thread_in_native, id=404, stack(0x000000f949600000,0x000000f949700000)]
  0x000002461072a000 JavaThread "Cache worker for journal cache (C:\Users\村\.gradle\caches\journal-1)" [_thread_blocked, id=10292, stack(0x000000f949700000,0x000000f949800000)]
  0x000002461072b000 JavaThread "Cache worker for execution history cache (C:\Users\村\.gradle\caches\6.7.1\executionHistory)" [_thread_blocked, id=19000, stack(0x000000f949d00000,0x000000f949e00000)]
  0x000002461138c800 JavaThread "Cache worker for file content cache (C:\Users\村\.gradle\caches\6.7.1\fileContent)" [_thread_blocked, id=4300, stack(0x000000f949f00000,0x000000f94a000000)]
  0x0000024611356000 JavaThread "Memory manager" [_thread_blocked, id=2580, stack(0x000000f950500000,0x000000f950600000)]
  0x00000246154bd800 JavaThread "Cache worker for Java compile cache (C:\Users\村\.gradle\caches\6.7.1\javaCompile)" [_thread_blocked, id=20436, stack(0x000000f950c00000,0x000000f950d00000)]
  0x00000246103f1000 JavaThread "ForkJoinPool.commonPool-worker-5" daemon [_thread_blocked, id=10948, stack(0x000000f950f00000,0x000000f951000000)]
  0x0000024611ebd000 JavaThread "Daemon Thread 22" [_thread_blocked, id=9152, stack(0x000000f947200000,0x000000f947300000)]
  0x0000024611ebd800 JavaThread "Daemon worker Thread 22" [_thread_blocked, id=860, stack(0x000000f948600000,0x000000f948700000)]
  0x0000024611391800 JavaThread "ForkJoinPool.commonPool-worker-7" daemon [_thread_blocked, id=20944, stack(0x000000f950d00000,0x000000f950e00000)]
  0x00000246103f7000 JavaThread "jar transforms Thread 2329" [_thread_blocked, id=11452, stack(0x000000f949c00000,0x000000f949d00000)]
  0x00000246103f4800 JavaThread "jar transforms Thread 2330" [_thread_blocked, id=22072, stack(0x000000f949e00000,0x000000f949f00000)]
  0x00000246103f5000 JavaThread "jar transforms Thread 2331" [_thread_blocked, id=2632, stack(0x000000f94a000000,0x000000f94a100000)]
  0x00000246103f6000 JavaThread "jar transforms Thread 2332" [_thread_blocked, id=14104, stack(0x000000f94a100000,0x000000f94a200000)]
  0x00000246118dc000 JavaThread "jar transforms Thread 2333" [_thread_blocked, id=22912, stack(0x000000f94a200000,0x000000f94a300000)]
  0x00000246118e1800 JavaThread "jar transforms Thread 2334" [_thread_blocked, id=10420, stack(0x000000f94a300000,0x000000f94a400000)]
  0x00000246118e2800 JavaThread "jar transforms Thread 2335" [_thread_blocked, id=7320, stack(0x000000f94a400000,0x000000f94a500000)]
  0x00000246118dd000 JavaThread "jar transforms Thread 2336" [_thread_blocked, id=22216, stack(0x000000f94a500000,0x000000f94a600000)]
  0x00000246118e3800 JavaThread "jar transforms Thread 2337" [_thread_blocked, id=8832, stack(0x000000f94a600000,0x000000f94a700000)]
  0x00000246118dd800 JavaThread "jar transforms Thread 2338" [_thread_blocked, id=11096, stack(0x000000f94a700000,0x000000f94a800000)]
  0x00000246118df800 JavaThread "jar transforms Thread 2339" [_thread_blocked, id=17820, stack(0x000000f94a800000,0x000000f94a900000)]
  0x00000246118e4000 JavaThread "jar transforms Thread 2340" [_thread_blocked, id=6744, stack(0x000000f94a900000,0x000000f94aa00000)]
  0x00000246118de800 JavaThread "jar transforms Thread 2341" [_thread_blocked, id=12928, stack(0x000000f94aa00000,0x000000f94ab00000)]
  0x00000246118e5000 JavaThread "jar transforms Thread 2342" [_thread_blocked, id=19292, stack(0x000000f94ab00000,0x000000f94ac00000)]
  0x00000246118e0000 JavaThread "jar transforms Thread 2343" [_thread_blocked, id=19528, stack(0x000000f94ac00000,0x000000f94ad00000)]
  0x00000246118ea000 JavaThread "jar transforms Thread 2344" [_thread_blocked, id=22160, stack(0x000000f94ad00000,0x000000f94ae00000)]
  0x00000246118ea800 JavaThread "jar transforms Thread 2345" [_thread_blocked, id=3520, stack(0x000000f94ae00000,0x000000f94af00000)]
  0x00000246118e6000 JavaThread "jar transforms Thread 2346" [_thread_blocked, id=14728, stack(0x000000f94af00000,0x000000f94b000000)]
  0x00000246118e6800 JavaThread "jar transforms Thread 2347" [_thread_blocked, id=19476, stack(0x000000f94b000000,0x000000f94b100000)]
  0x00000246118e7800 JavaThread "jar transforms Thread 2348" [_thread_blocked, id=9768, stack(0x000000f94b100000,0x000000f94b200000)]
  0x00000246118e8800 JavaThread "jar transforms Thread 2349" [_thread_blocked, id=10824, stack(0x000000f94b200000,0x000000f94b300000)]
  0x00000246118e9000 JavaThread "jar transforms Thread 2350" [_thread_blocked, id=22668, stack(0x000000f94b300000,0x000000f94b400000)]
  0x00000246154c0000 JavaThread "jar transforms Thread 2351" [_thread_blocked, id=1392, stack(0x000000f94b400000,0x000000f94b500000)]
  0x00000246154c2800 JavaThread "jar transforms Thread 2352" [_thread_blocked, id=2616, stack(0x000000f94b500000,0x000000f94b600000)]
  0x00000246154c1800 JavaThread "jar transforms Thread 2353" [_thread_blocked, id=18776, stack(0x000000f94b600000,0x000000f94b700000)]
  0x00000246154be800 JavaThread "jar transforms Thread 2354" [_thread_blocked, id=23056, stack(0x000000f94b700000,0x000000f94b800000)]
  0x00000246154c1000 JavaThread "jar transforms Thread 2355" [_thread_blocked, id=11444, stack(0x000000f94b800000,0x000000f94b900000)]
  0x00000246154bf000 JavaThread "jar transforms Thread 2356" [_thread_blocked, id=6088, stack(0x000000f94b900000,0x000000f94ba00000)]
  0x00000246154bd000 JavaThread "jar transforms Thread 2357" [_thread_blocked, id=2660, stack(0x000000f94ba00000,0x000000f94bb00000)]
  0x00000246154c9000 JavaThread "jar transforms Thread 2358" [_thread_blocked, id=8272, stack(0x000000f94bb00000,0x000000f94bc00000)]
  0x00000246154c5000 JavaThread "jar transforms Thread 2359" [_thread_blocked, id=21360, stack(0x000000f94bc00000,0x000000f94bd00000)]
  0x00000246154c6000 JavaThread "jar transforms Thread 2360" [_thread_blocked, id=22480, stack(0x000000f94bd00000,0x000000f94be00000)]
  0x00000246154c3800 JavaThread "jar transforms Thread 2361" [_thread_blocked, id=18928, stack(0x000000f94be00000,0x000000f94bf00000)]
  0x00000246154c4000 JavaThread "jar transforms Thread 2362" [_thread_blocked, id=13884, stack(0x000000f94bf00000,0x000000f94c000000)]
  0x00000246154ca000 JavaThread "jar transforms Thread 2363" [_thread_blocked, id=21428, stack(0x000000f94c000000,0x000000f94c100000)]
  0x00000246154ca800 JavaThread "jar transforms Thread 2364" [_thread_blocked, id=3368, stack(0x000000f94c100000,0x000000f94c200000)]
  0x00000246154cb800 JavaThread "jar transforms Thread 2365" [_thread_blocked, id=16600, stack(0x000000f94c200000,0x000000f94c300000)]
  0x00000246154c6800 JavaThread "jar transforms Thread 2366" [_thread_blocked, id=22596, stack(0x000000f94c300000,0x000000f94c400000)]
  0x00000246154c7800 JavaThread "jar transforms Thread 2367" [_thread_blocked, id=21816, stack(0x000000f94c400000,0x000000f94c500000)]
  0x00000246154c8000 JavaThread "jar transforms Thread 2368" [_thread_blocked, id=16216, stack(0x000000f94c500000,0x000000f94c600000)]
  0x000002461134f800 JavaThread "jar transforms Thread 2369" [_thread_blocked, id=15712, stack(0x000000f94c600000,0x000000f94c700000)]
  0x0000024611353800 JavaThread "jar transforms Thread 2370" [_thread_blocked, id=12824, stack(0x000000f94c700000,0x000000f94c800000)]
  0x0000024611350000 JavaThread "jar transforms Thread 2371" [_thread_blocked, id=18176, stack(0x000000f94c800000,0x000000f94c900000)]
  0x0000024611352000 JavaThread "jar transforms Thread 2372" [_thread_blocked, id=16904, stack(0x000000f94c900000,0x000000f94ca00000)]
  0x0000024611352800 JavaThread "jar transforms Thread 2373" [_thread_blocked, id=17996, stack(0x000000f94ca00000,0x000000f94cb00000)]
  0x0000024611351000 JavaThread "jar transforms Thread 2374" [_thread_blocked, id=18736, stack(0x000000f94cb00000,0x000000f94cc00000)]
  0x000002461134e000 JavaThread "jar transforms Thread 2375" [_thread_blocked, id=9412, stack(0x000000f94cc00000,0x000000f94cd00000)]
  0x0000024611354800 JavaThread "jar transforms Thread 2376" [_thread_blocked, id=23328, stack(0x000000f94cd00000,0x000000f94ce00000)]
  0x000002461134e800 JavaThread "jar transforms Thread 2377" [_thread_blocked, id=23372, stack(0x000000f94ce00000,0x000000f94cf00000)]
  0x0000024611358800 JavaThread "jar transforms Thread 2378" [_thread_blocked, id=1832, stack(0x000000f94cf00000,0x000000f94d000000)]
  0x0000024611356800 JavaThread "jar transforms Thread 2379" [_thread_blocked, id=18108, stack(0x000000f94d000000,0x000000f94d100000)]
  0x0000024611357800 JavaThread "jar transforms Thread 2380" [_thread_blocked, id=22812, stack(0x000000f94d100000,0x000000f94d200000)]
  0x0000024611359000 JavaThread "jar transforms Thread 2381" [_thread_blocked, id=4716, stack(0x000000f94d200000,0x000000f94d300000)]
  0x0000024611355000 JavaThread "jar transforms Thread 2382" [_thread_blocked, id=3868, stack(0x000000f94d300000,0x000000f94d400000)]
  0x000002461135a000 JavaThread "jar transforms Thread 2383" [_thread_blocked, id=5984, stack(0x000000f94d400000,0x000000f94d500000)]
  0x000002461135c800 JavaThread "jar transforms Thread 2384" [_thread_blocked, id=22492, stack(0x000000f94d500000,0x000000f94d600000)]
  0x000002461135b000 JavaThread "jar transforms Thread 2385" [_thread_blocked, id=23028, stack(0x000000f94d600000,0x000000f94d700000)]
  0x000002461135b800 JavaThread "jar transforms Thread 2386" [_thread_blocked, id=5936, stack(0x000000f94d700000,0x000000f94d800000)]
  0x0000024617969800 JavaThread "jar transforms Thread 2387" [_thread_blocked, id=14468, stack(0x000000f94d800000,0x000000f94d900000)]
  0x000002461796b000 JavaThread "jar transforms Thread 2388" [_thread_blocked, id=21696, stack(0x000000f94d900000,0x000000f94da00000)]
  0x000002461796c000 JavaThread "jar transforms Thread 2389" [_thread_blocked, id=12416, stack(0x000000f94da00000,0x000000f94db00000)]
  0x000002461796e800 JavaThread "jar transforms Thread 2390" [_thread_blocked, id=1460, stack(0x000000f94db00000,0x000000f94dc00000)]
  0x000002461796d000 JavaThread "jar transforms Thread 2391" [_thread_blocked, id=5252, stack(0x000000f94dc00000,0x000000f94dd00000)]
  0x0000024617970000 JavaThread "jar transforms Thread 2392" [_thread_blocked, id=21552, stack(0x000000f94dd00000,0x000000f94de00000)]
  0x000002461796a800 JavaThread "jar transforms Thread 2393" [_thread_blocked, id=18240, stack(0x000000f94de00000,0x000000f94df00000)]
  0x0000024617973800 JavaThread "jar transforms Thread 2394" [_thread_blocked, id=22900, stack(0x000000f94df00000,0x000000f94e000000)]
  0x0000024617971000 JavaThread "jar transforms Thread 2395" [_thread_blocked, id=23428, stack(0x000000f94e000000,0x000000f94e100000)]
  0x0000024617971800 JavaThread "jar transforms Thread 2396" [_thread_blocked, id=21940, stack(0x000000f94e100000,0x000000f94e200000)]
  0x0000024617972800 JavaThread "jar transforms Thread 2397" [_thread_blocked, id=17708, stack(0x000000f94e200000,0x000000f94e300000)]
  0x000002461796d800 JavaThread "jar transforms Thread 2398" [_thread_blocked, id=16160, stack(0x000000f94e300000,0x000000f94e400000)]
  0x0000024617976000 JavaThread "jar transforms Thread 2399" [_thread_blocked, id=12284, stack(0x000000f94e400000,0x000000f94e500000)]
  0x0000024617975000 JavaThread "jar transforms Thread 2400" [_thread_blocked, id=4676, stack(0x000000f94e500000,0x000000f94e600000)]
  0x0000024617974000 JavaThread "jar transforms Thread 2401" [_thread_blocked, id=22584, stack(0x000000f94e600000,0x000000f94e700000)]
  0x0000024617976800 JavaThread "jar transforms Thread 2402" [_thread_blocked, id=5444, stack(0x000000f94e700000,0x000000f94e800000)]
  0x0000024617977800 JavaThread "jar transforms Thread 2403" [_thread_blocked, id=18548, stack(0x000000f94e800000,0x000000f94e900000)]
  0x0000024617978000 JavaThread "jar transforms Thread 2404" [_thread_blocked, id=23400, stack(0x000000f94e900000,0x000000f94ea00000)]
  0x0000024611ed7000 JavaThread "jar transforms Thread 2405" [_thread_blocked, id=10080, stack(0x000000f94ea00000,0x000000f94eb00000)]
  0x0000024611ed8000 JavaThread "jar transforms Thread 2406" [_thread_blocked, id=17356, stack(0x000000f94eb00000,0x000000f94ec00000)]
  0x0000024611ed6000 JavaThread "jar transforms Thread 2407" [_thread_blocked, id=348, stack(0x000000f94ec00000,0x000000f94ed00000)]
  0x0000024611ed5800 JavaThread "jar transforms Thread 2408" [_thread_blocked, id=20688, stack(0x000000f94ed00000,0x000000f94ee00000)]
  0x0000024611ed2000 JavaThread "jar transforms Thread 2409" [_thread_blocked, id=19932, stack(0x000000f94ee00000,0x000000f94ef00000)]
  0x0000024611ed3800 JavaThread "jar transforms Thread 2410" [_thread_blocked, id=14664, stack(0x000000f94ef00000,0x000000f94f000000)]
  0x0000024611ed3000 JavaThread "jar transforms Thread 2411" [_thread_blocked, id=21936, stack(0x000000f94f000000,0x000000f94f100000)]
  0x0000024611edc000 JavaThread "jar transforms Thread 2412" [_thread_blocked, id=8956, stack(0x000000f94f100000,0x000000f94f200000)]
  0x0000024611eda000 JavaThread "jar transforms Thread 2413" [_thread_blocked, id=12488, stack(0x000000f94f200000,0x000000f94f300000)]
  0x0000024611edc800 JavaThread "jar transforms Thread 2414" [_thread_blocked, id=22036, stack(0x000000f94f300000,0x000000f94f400000)]
  0x0000024611edd800 JavaThread "jar transforms Thread 2415" [_thread_blocked, id=23064, stack(0x000000f94f400000,0x000000f94f500000)]
  0x0000024611edb000 JavaThread "jar transforms Thread 2416" [_thread_blocked, id=23108, stack(0x000000f94f500000,0x000000f94f600000)]
  0x0000024611ede800 JavaThread "jar transforms Thread 2417" [_thread_blocked, id=18720, stack(0x000000f94f600000,0x000000f94f700000)]
  0x0000024611ed8800 JavaThread "jar transforms Thread 2418" [_thread_blocked, id=684, stack(0x000000f94f700000,0x000000f94f800000)]
  0x0000024611edf000 JavaThread "jar transforms Thread 2419" [_thread_blocked, id=2224, stack(0x000000f94f800000,0x000000f94f900000)]
  0x0000024611ee0000 JavaThread "jar transforms Thread 2420" [_thread_blocked, id=18316, stack(0x000000f94f900000,0x000000f94fa00000)]
  0x0000024611ee0800 JavaThread "jar transforms Thread 2421" [_thread_blocked, id=8892, stack(0x000000f94fa00000,0x000000f94fb00000)]
  0x0000024611389800 JavaThread "jar transforms Thread 2422" [_thread_blocked, id=1788, stack(0x000000f94fb00000,0x000000f94fc00000)]
  0x0000024611387000 JavaThread "jar transforms Thread 2423" [_thread_blocked, id=22292, stack(0x000000f94fc00000,0x000000f94fd00000)]
  0x000002461138a000 JavaThread "jar transforms Thread 2424" [_thread_blocked, id=21200, stack(0x000000f94fd00000,0x000000f94fe00000)]
  0x000002461138f000 JavaThread "jar transforms Thread 2425" [_thread_blocked, id=22796, stack(0x000000f94fe00000,0x000000f94ff00000)]
  0x0000024610730800 JavaThread "ForkJoinPool.commonPool-worker-1" daemon [_thread_blocked, id=13816, stack(0x000000f951300000,0x000000f951400000)]
  0x000002461072f000 JavaThread "Handler for socket connection from /127.0.0.1:50865 to /127.0.0.1:64349" [_thread_in_native, id=20956, stack(0x000000f947300000,0x000000f947400000)]
  0x000002461072b800 JavaThread "Cancel handler" [_thread_blocked, id=20428, stack(0x000000f947400000,0x000000f947500000)]
  0x000002461072d000 JavaThread "Asynchronous log dispatcher for DefaultDaemonConnection: socket connection from /127.0.0.1:50865 to /127.0.0.1:64349" [_thread_blocked, id=4840, stack(0x000000f948a00000,0x000000f948b00000)]
  0x000002461072e000 JavaThread "Stdin handler" [_thread_blocked, id=1524, stack(0x000000f948d00000,0x000000f948e00000)]
  0x00000246103e9000 JavaThread "Thread-3660" [_thread_blocked, id=236, stack(0x000000f948e00000,0x000000f948f00000)]
  0x00000246103ec000 JavaThread "Cache worker for file hash cache (F:\Fredwei\AndroidStudioProjects\FlagRaisingCeremonySimulator\.gradle\6.7.1\fileHashes)" [_thread_blocked, id=12456, stack(0x000000f948f00000,0x000000f949000000)]
  0x00000246103e8000 JavaThread "Cache worker for checksums cache (F:\Fredwei\AndroidStudioProjects\FlagRaisingCeremonySimulator\.gradle\checksums)" [_thread_blocked, id=17536, stack(0x000000f949000000,0x000000f949100000)]
  0x00000246103ee800 JavaThread "Cache worker for cache directory md-supplier (C:\Users\村\.gradle\caches\6.7.1\md-supplier)" [_thread_blocked, id=19420, stack(0x000000f949100000,0x000000f949200000)]
  0x00000246103ef800 JavaThread "Cache worker for cache directory md-rule (C:\Users\村\.gradle\caches\6.7.1\md-rule)" [_thread_blocked, id=8616, stack(0x000000f949200000,0x000000f949300000)]
  0x00000246103ed000 JavaThread "Cache worker for Build Output Cleanup Cache (F:\Fredwei\AndroidStudioProjects\FlagRaisingCeremonySimulator\.gradle\buildOutputCleanup)" [_thread_blocked, id=22060, stack(0x000000f949300000,0x000000f949400000)]
  0x00000246103e9800 JavaThread "Build operations" [_thread_blocked, id=8876, stack(0x000000f949800000,0x000000f949900000)]
  0x00000246103ea800 JavaThread "Build operations Thread 2" [_thread_blocked, id=21356, stack(0x000000f949900000,0x000000f949a00000)]
  0x00000246103ee000 JavaThread "Build operations Thread 3" [_thread_blocked, id=8432, stack(0x000000f949a00000,0x000000f949b00000)]
  0x00000246103f0000 JavaThread "Build operations Thread 4" [_thread_blocked, id=11148, stack(0x000000f949b00000,0x000000f949c00000)]
=>0x0000024611141800 JavaThread "C2 CompilerThread1" daemon [_thread_in_native, id=9556, stack(0x000000f94ff00000,0x000000f950000000)]
  0x00000246103eb800 JavaThread "build event listener" [_thread_blocked, id=132, stack(0x000000f950000000,0x000000f950100000)]
  0x00000246103f2800 JavaThread "build event listener" [_thread_blocked, id=22228, stack(0x000000f950100000,0x000000f950200000)]
  0x00000246103f2000 JavaThread "Execution worker for ':'" [_thread_blocked, id=1344, stack(0x000000f950200000,0x000000f950300000)]
  0x00000246103f3800 JavaThread "Execution worker for ':' Thread 2" [_thread_blocked, id=12684, stack(0x000000f950300000,0x000000f950400000)]
  0x000002461138b000 JavaThread "Execution worker for ':' Thread 3" [_thread_blocked, id=852, stack(0x000000f950400000,0x000000f950500000)]
  0x000002461138c000 JavaThread "Cache worker for execution history cache (F:\Fredwei\AndroidStudioProjects\FlagRaisingCeremonySimulator\.gradle\6.7.1\executionHistory)" [_thread_blocked, id=6140, stack(0x000000f950600000,0x000000f950700000)]

Other Threads:
  0x000002467de3e800 VMThread "VM Thread" [stack: 0x000000f947b00000,0x000000f947c00000] [id=23268]
  0x000002467e8bc000 WatcherThread [stack: 0x000000f948500000,0x000000f948600000] [id=16768]
  0x0000024671488000 GCTaskThread "GC Thread#0" [stack: 0x000000f947600000,0x000000f947700000] [id=20884]
  0x000002467ecbe000 GCTaskThread "GC Thread#1" [stack: 0x000000f948700000,0x000000f948800000] [id=2872]
  0x000002467ecbe800 GCTaskThread "GC Thread#2" [stack: 0x000000f948800000,0x000000f948900000] [id=21520]
  0x000002461005d000 GCTaskThread "GC Thread#3" [stack: 0x000000f949400000,0x000000f949500000] [id=2296]
  0x00000246714b9000 ConcurrentGCThread "G1 Main Marker" [stack: 0x000000f947700000,0x000000f947800000] [id=16072]
  0x00000246714bb800 ConcurrentGCThread "G1 Conc#0" [stack: 0x000000f947800000,0x000000f947900000] [id=2448]
  0x000002467154b800 ConcurrentGCThread "G1 Refine#0" [stack: 0x000000f947900000,0x000000f947a00000] [id=20132]
  0x000002467154c800 ConcurrentGCThread "G1 Young RemSet Sampling" [stack: 0x000000f947a00000,0x000000f947b00000] [id=19280]

Threads with active compile tasks:
C2 CompilerThread14206858 31957       4       org.gradle.api.internal.artifacts.ivyservice.resolveengine.result.DefaultResolutionResultBuilder::visitOutgoingEdges (281 bytes)

VM state:not at safepoint (normal execution)

VM Mutex/Monitor currently owned by a thread: None

Heap address: 0x0000000080000000, size: 2048 MB, Compressed Oops mode: 32-bit
Narrow klass base: 0x0000000000000000, Narrow klass shift: 3
Compressed class space size: 1073741824 Address: 0x0000000100000000

Heap:
 garbage-first heap   total 196608K, used 111395K [0x0000000080000000, 0x0000000100000000)
  region size 1024K, 21 young (21504K), 1 survivors (1024K)
 Metaspace       used 122630K, capacity 126772K, committed 127080K, reserved 1161216K
  class space    used 14567K, capacity 16008K, committed 16176K, reserved 1048576K
Heap Regions: E=young(eden), S=young(survivor), O=old, HS=humongous(starts), HC=humongous(continues), CS=collection set, F=free, A=archive, TAMS=top-at-mark-start (previous, next)
|   0|0x0000000080000000, 0x0000000080100000, 0x0000000080100000|100%| O|  |TAMS 0x0000000080100000, 0x0000000080100000| Untracked 
|   1|0x0000000080100000, 0x0000000080200000, 0x0000000080200000|100%| O|  |TAMS 0x0000000080200000, 0x0000000080200000| Untracked 
|   2|0x0000000080200000, 0x0000000080300000, 0x0000000080300000|100%| O|  |TAMS 0x0000000080300000, 0x0000000080300000| Untracked 
|   3|0x0000000080300000, 0x0000000080400000, 0x0000000080400000|100%|HS|  |TAMS 0x0000000080400000, 0x0000000080400000| Complete 
|   4|0x0000000080400000, 0x0000000080500000, 0x0000000080500000|100%|HC|  |TAMS 0x0000000080500000, 0x0000000080500000| Complete 
|   5|0x0000000080500000, 0x0000000080600000, 0x0000000080600000|100%|HC|  |TAMS 0x0000000080600000, 0x0000000080600000| Complete 
|   6|0x0000000080600000, 0x0000000080700000, 0x0000000080700000|100%| O|  |TAMS 0x0000000080700000, 0x0000000080700000| Untracked 
|   7|0x0000000080700000, 0x0000000080800000, 0x0000000080800000|100%| O|  |TAMS 0x0000000080800000, 0x0000000080800000| Untracked 
|   8|0x0000000080800000, 0x0000000080900000, 0x0000000080900000|100%| O|  |TAMS 0x0000000080900000, 0x0000000080900000| Untracked 
|   9|0x0000000080900000, 0x0000000080a00000, 0x0000000080a00000|100%| O|  |TAMS 0x0000000080a00000, 0x0000000080a00000| Untracked 
|  10|0x0000000080a00000, 0x0000000080b00000, 0x0000000080b00000|100%| O|  |TAMS 0x0000000080b00000, 0x0000000080b00000| Untracked 
|  11|0x0000000080b00000, 0x0000000080c00000, 0x0000000080c00000|100%| O|  |TAMS 0x0000000080c00000, 0x0000000080c00000| Untracked 
|  12|0x0000000080c00000, 0x0000000080d00000, 0x0000000080d00000|100%| O|  |TAMS 0x0000000080d00000, 0x0000000080d00000| Untracked 
|  13|0x0000000080d00000, 0x0000000080e00000, 0x0000000080e00000|100%| O|  |TAMS 0x0000000080e00000, 0x0000000080e00000| Untracked 
|  14|0x0000000080e00000, 0x0000000080f00000, 0x0000000080f00000|100%| O|  |TAMS 0x0000000080f00000, 0x0000000080f00000| Untracked 
|  15|0x0000000080f00000, 0x0000000081000000, 0x0000000081000000|100%| O|  |TAMS 0x0000000081000000, 0x0000000081000000| Untracked 
|  16|0x0000000081000000, 0x0000000081100000, 0x0000000081100000|100%| O|  |TAMS 0x0000000081100000, 0x0000000081100000| Untracked 
|  17|0x0000000081100000, 0x0000000081200000, 0x0000000081200000|100%| O|  |TAMS 0x0000000081200000, 0x0000000081200000| Untracked 
|  18|0x0000000081200000, 0x0000000081300000, 0x0000000081300000|100%| O|  |TAMS 0x0000000081300000, 0x0000000081300000| Untracked 
|  19|0x0000000081300000, 0x0000000081400000, 0x0000000081400000|100%| O|  |TAMS 0x0000000081400000, 0x0000000081400000| Untracked 
|  20|0x0000000081400000, 0x0000000081500000, 0x0000000081500000|100%| O|  |TAMS 0x0000000081500000, 0x0000000081500000| Untracked 
|  21|0x0000000081500000, 0x0000000081600000, 0x0000000081600000|100%|HS|  |TAMS 0x0000000081600000, 0x0000000081600000| Complete 
|  22|0x0000000081600000, 0x0000000081700000, 0x0000000081700000|100%|HS|  |TAMS 0x0000000081700000, 0x0000000081700000| Complete 
|  23|0x0000000081700000, 0x0000000081800000, 0x0000000081800000|100%|HC|  |TAMS 0x0000000081800000, 0x0000000081800000| Complete 
|  24|0x0000000081800000, 0x0000000081900000, 0x0000000081900000|100%| O|  |TAMS 0x0000000081900000, 0x0000000081900000| Untracked 
|  25|0x0000000081900000, 0x0000000081a00000, 0x0000000081a00000|100%| O|  |TAMS 0x0000000081a00000, 0x0000000081a00000| Untracked 
|  26|0x0000000081a00000, 0x0000000081b00000, 0x0000000081b00000|100%| O|  |TAMS 0x0000000081b00000, 0x0000000081b00000| Untracked 
|  27|0x0000000081b00000, 0x0000000081c00000, 0x0000000081c00000|100%| O|  |TAMS 0x0000000081c00000, 0x0000000081c00000| Untracked 
|  28|0x0000000081c00000, 0x0000000081d00000, 0x0000000081d00000|100%| O|  |TAMS 0x0000000081d00000, 0x0000000081d00000| Untracked 
|  29|0x0000000081d00000, 0x0000000081e00000, 0x0000000081e00000|100%| O|  |TAMS 0x0000000081e00000, 0x0000000081e00000| Untracked 
|  30|0x0000000081e00000, 0x0000000081f00000, 0x0000000081f00000|100%| O|  |TAMS 0x0000000081f00000, 0x0000000081f00000| Untracked 
|  31|0x0000000081f00000, 0x0000000082000000, 0x0000000082000000|100%| O|  |TAMS 0x0000000082000000, 0x0000000082000000| Untracked 
|  32|0x0000000082000000, 0x0000000082100000, 0x0000000082100000|100%| O|  |TAMS 0x0000000082100000, 0x0000000082100000| Untracked 
|  33|0x0000000082100000, 0x0000000082200000, 0x0000000082200000|100%| O|  |TAMS 0x0000000082200000, 0x0000000082200000| Untracked 
|  34|0x0000000082200000, 0x0000000082300000, 0x0000000082300000|100%| O|  |TAMS 0x0000000082200000, 0x0000000082300000| Untracked 
|  35|0x0000000082300000, 0x0000000082400000, 0x0000000082400000|100%| O|  |TAMS 0x0000000082300000, 0x0000000082400000| Untracked 
|  36|0x0000000082400000, 0x0000000082500000, 0x0000000082500000|100%| O|  |TAMS 0x0000000082400000, 0x0000000082500000| Untracked 
|  37|0x0000000082500000, 0x0000000082600000, 0x0000000082600000|100%| O|  |TAMS 0x0000000082600000, 0x0000000082600000| Untracked 
|  38|0x0000000082600000, 0x0000000082700000, 0x0000000082700000|100%| O|  |TAMS 0x0000000082600000, 0x0000000082700000| Untracked 
|  39|0x0000000082700000, 0x0000000082800000, 0x0000000082800000|100%| O|  |TAMS 0x0000000082800000, 0x0000000082800000| Untracked 
|  40|0x0000000082800000, 0x0000000082900000, 0x0000000082900000|100%| O|  |TAMS 0x0000000082900000, 0x0000000082900000| Untracked 
|  41|0x0000000082900000, 0x0000000082a00000, 0x0000000082a00000|100%| O|  |TAMS 0x0000000082a00000, 0x0000000082a00000| Untracked 
|  42|0x0000000082a00000, 0x0000000082b00000, 0x0000000082b00000|100%| O|  |TAMS 0x0000000082b00000, 0x0000000082b00000| Untracked 
|  43|0x0000000082b00000, 0x0000000082c00000, 0x0000000082c00000|100%| O|  |TAMS 0x0000000082c00000, 0x0000000082c00000| Untracked 
|  44|0x0000000082c00000, 0x0000000082d00000, 0x0000000082d00000|100%| O|  |TAMS 0x0000000082d00000, 0x0000000082d00000| Untracked 
|  45|0x0000000082d00000, 0x0000000082e00000, 0x0000000082e00000|100%| O|  |TAMS 0x0000000082e00000, 0x0000000082e00000| Untracked 
|  46|0x0000000082e00000, 0x0000000082f00000, 0x0000000082f00000|100%| O|  |TAMS 0x0000000082f00000, 0x0000000082f00000| Untracked 
|  47|0x0000000082f00000, 0x0000000083000000, 0x0000000083000000|100%| O|  |TAMS 0x0000000083000000, 0x0000000083000000| Untracked 
|  48|0x0000000083000000, 0x000000008306a200, 0x0000000083100000| 41%| O|  |TAMS 0x0000000083000000, 0x000000008306a200| Untracked 
|  49|0x0000000083100000, 0x0000000083200000, 0x0000000083200000|100%| O|  |TAMS 0x0000000083200000, 0x0000000083200000| Untracked 
|  50|0x0000000083200000, 0x0000000083300000, 0x0000000083300000|100%| O|  |TAMS 0x0000000083300000, 0x0000000083300000| Untracked 
|  51|0x0000000083300000, 0x0000000083400000, 0x0000000083400000|100%| O|  |TAMS 0x0000000083400000, 0x0000000083400000| Untracked 
|  52|0x0000000083400000, 0x0000000083500000, 0x0000000083500000|100%| O|  |TAMS 0x0000000083500000, 0x0000000083500000| Untracked 
|  53|0x0000000083500000, 0x0000000083600000, 0x0000000083600000|100%| O|  |TAMS 0x0000000083600000, 0x0000000083600000| Untracked 
|  54|0x0000000083600000, 0x0000000083700000, 0x0000000083700000|100%| O|  |TAMS 0x0000000083700000, 0x0000000083700000| Untracked 
|  55|0x0000000083700000, 0x0000000083800000, 0x0000000083800000|100%| O|  |TAMS 0x0000000083800000, 0x0000000083800000| Untracked 
|  56|0x0000000083800000, 0x0000000083900000, 0x0000000083900000|100%| O|  |TAMS 0x0000000083900000, 0x0000000083900000| Untracked 
|  57|0x0000000083900000, 0x0000000083a00000, 0x0000000083a00000|100%| O|  |TAMS 0x0000000083a00000, 0x0000000083a00000| Untracked 
|  58|0x0000000083a00000, 0x0000000083b00000, 0x0000000083b00000|100%|HS|  |TAMS 0x0000000083a00000, 0x0000000083a00000| Complete 
|  59|0x0000000083b00000, 0x0000000083c00000, 0x0000000083c00000|100%|HS|  |TAMS 0x0000000083b00000, 0x0000000083b00000| Complete 
|  60|0x0000000083c00000, 0x0000000083d00000, 0x0000000083d00000|100%| O|  |TAMS 0x0000000083d00000, 0x0000000083d00000| Untracked 
|  61|0x0000000083d00000, 0x0000000083e00000, 0x0000000083e00000|100%| O|  |TAMS 0x0000000083e00000, 0x0000000083e00000| Untracked 
|  62|0x0000000083e00000, 0x0000000083f00000, 0x0000000083f00000|100%| O|  |TAMS 0x0000000083f00000, 0x0000000083f00000| Untracked 
|  63|0x0000000083f00000, 0x0000000084000000, 0x0000000084000000|100%| O|  |TAMS 0x0000000084000000, 0x0000000084000000| Untracked 
|  64|0x0000000084000000, 0x0000000084100000, 0x0000000084100000|100%| O|  |TAMS 0x0000000084100000, 0x0000000084100000| Untracked 
|  65|0x0000000084100000, 0x0000000084200000, 0x0000000084200000|100%|HS|  |TAMS 0x0000000084100000, 0x0000000084100000| Complete 
|  66|0x0000000084200000, 0x0000000084300000, 0x0000000084300000|100%| O|  |TAMS 0x0000000084300000, 0x0000000084300000| Untracked 
|  67|0x0000000084300000, 0x0000000084400000, 0x0000000084400000|100%| O|  |TAMS 0x0000000084400000, 0x0000000084400000| Untracked 
|  68|0x0000000084400000, 0x0000000084500000, 0x0000000084500000|100%| O|  |TAMS 0x0000000084500000, 0x0000000084500000| Untracked 
|  69|0x0000000084500000, 0x0000000084600000, 0x0000000084600000|100%| O|  |TAMS 0x0000000084600000, 0x0000000084600000| Untracked 
|  70|0x0000000084600000, 0x0000000084700000, 0x0000000084700000|100%| O|  |TAMS 0x0000000084700000, 0x0000000084700000| Untracked 
|  71|0x0000000084700000, 0x0000000084800000, 0x0000000084800000|100%| O|  |TAMS 0x0000000084800000, 0x0000000084800000| Untracked 
|  72|0x0000000084800000, 0x0000000084900000, 0x0000000084900000|100%| O|  |TAMS 0x0000000084900000, 0x0000000084900000| Untracked 
|  73|0x0000000084900000, 0x0000000084a00000, 0x0000000084a00000|100%| O|  |TAMS 0x0000000084a00000, 0x0000000084a00000| Untracked 
|  74|0x0000000084a00000, 0x0000000084b00000, 0x0000000084b00000|100%| O|  |TAMS 0x0000000084b00000, 0x0000000084b00000| Untracked 
|  75|0x0000000084b00000, 0x0000000084c00000, 0x0000000084c00000|100%| O|  |TAMS 0x0000000084c00000, 0x0000000084c00000| Untracked 
|  76|0x0000000084c00000, 0x0000000084d00000, 0x0000000084d00000|100%| O|  |TAMS 0x0000000084d00000, 0x0000000084d00000| Untracked 
|  77|0x0000000084d00000, 0x0000000084e00000, 0x0000000084e00000|100%| O|  |TAMS 0x0000000084e00000, 0x0000000084e00000| Untracked 
|  78|0x0000000084e00000, 0x0000000084f00000, 0x0000000084f00000|100%| O|  |TAMS 0x0000000084f00000, 0x0000000084f00000| Untracked 
|  79|0x0000000084f00000, 0x0000000085000000, 0x0000000085000000|100%| O|  |TAMS 0x0000000084fed000, 0x0000000085000000| Untracked 
|  80|0x0000000085000000, 0x0000000085000000, 0x0000000085100000|  0%| F|  |TAMS 0x0000000085000000, 0x0000000085000000| Untracked 
|  81|0x0000000085100000, 0x0000000085200000, 0x0000000085200000|100%| O|  |TAMS 0x0000000085200000, 0x0000000085200000| Untracked 
|  82|0x0000000085200000, 0x0000000085200000, 0x0000000085300000|  0%| F|  |TAMS 0x0000000085200000, 0x0000000085200000| Untracked 
|  83|0x0000000085300000, 0x0000000085400000, 0x0000000085400000|100%| O|  |TAMS 0x0000000085400000, 0x0000000085400000| Untracked 
|  84|0x0000000085400000, 0x0000000085500000, 0x0000000085500000|100%| O|  |TAMS 0x0000000085500000, 0x0000000085500000| Untracked 
|  85|0x0000000085500000, 0x0000000085600000, 0x0000000085600000|100%| O|  |TAMS 0x0000000085600000, 0x0000000085600000| Untracked 
|  86|0x0000000085600000, 0x0000000085600000, 0x0000000085700000|  0%| F|  |TAMS 0x0000000085600000, 0x0000000085600000| Untracked 
|  87|0x0000000085700000, 0x0000000085800000, 0x0000000085800000|100%| O|  |TAMS 0x0000000085800000, 0x0000000085800000| Untracked 
|  88|0x0000000085800000, 0x0000000085900000, 0x0000000085900000|100%|HS|  |TAMS 0x0000000085800000, 0x0000000085800000| Complete 
|  89|0x0000000085900000, 0x0000000085a00000, 0x0000000085a00000|100%|HC|  |TAMS 0x0000000085900000, 0x0000000085900000| Complete 
|  90|0x0000000085a00000, 0x0000000085b00000, 0x0000000085b00000|100%|HS|  |TAMS 0x0000000085a00000, 0x0000000085a00000| Complete 
|  91|0x0000000085b00000, 0x0000000085c00000, 0x0000000085c00000|100%|HC|  |TAMS 0x0000000085b00000, 0x0000000085b00000| Complete 
|  92|0x0000000085c00000, 0x0000000085d00000, 0x0000000085d00000|100%|HS|  |TAMS 0x0000000085c00000, 0x0000000085c00000| Complete 
|  93|0x0000000085d00000, 0x0000000085e00000, 0x0000000085e00000|100%|HC|  |TAMS 0x0000000085d00000, 0x0000000085d00000| Complete 
|  94|0x0000000085e00000, 0x0000000085e00000, 0x0000000085f00000|  0%| F|  |TAMS 0x0000000085e00000, 0x0000000085e00000| Untracked 
|  95|0x0000000085f00000, 0x0000000085f00000, 0x0000000086000000|  0%| F|  |TAMS 0x0000000085f00000, 0x0000000085f00000| Untracked 
|  96|0x0000000086000000, 0x0000000086000000, 0x0000000086100000|  0%| F|  |TAMS 0x0000000086000000, 0x0000000086000000| Untracked 
|  97|0x0000000086100000, 0x0000000086100000, 0x0000000086200000|  0%| F|  |TAMS 0x0000000086100000, 0x0000000086100000| Untracked 
|  98|0x0000000086200000, 0x0000000086200000, 0x0000000086300000|  0%| F|  |TAMS 0x0000000086200000, 0x0000000086200000| Untracked 
|  99|0x0000000086300000, 0x0000000086300000, 0x0000000086400000|  0%| F|  |TAMS 0x0000000086300000, 0x0000000086300000| Untracked 
| 100|0x0000000086400000, 0x0000000086400000, 0x0000000086500000|  0%| F|  |TAMS 0x0000000086400000, 0x0000000086400000| Untracked 
| 101|0x0000000086500000, 0x0000000086500000, 0x0000000086600000|  0%| F|  |TAMS 0x0000000086500000, 0x0000000086500000| Untracked 
| 102|0x0000000086600000, 0x0000000086600000, 0x0000000086700000|  0%| F|  |TAMS 0x0000000086600000, 0x0000000086600000| Untracked 
| 103|0x0000000086700000, 0x0000000086700000, 0x0000000086800000|  0%| F|  |TAMS 0x0000000086700000, 0x0000000086700000| Untracked 
| 104|0x0000000086800000, 0x0000000086800000, 0x0000000086900000|  0%| F|  |TAMS 0x0000000086800000, 0x0000000086800000| Untracked 
| 105|0x0000000086900000, 0x0000000086900000, 0x0000000086a00000|  0%| F|  |TAMS 0x0000000086900000, 0x0000000086900000| Untracked 
| 106|0x0000000086a00000, 0x0000000086a00000, 0x0000000086b00000|  0%| F|  |TAMS 0x0000000086a00000, 0x0000000086a00000| Untracked 
| 107|0x0000000086b00000, 0x0000000086b00000, 0x0000000086c00000|  0%| F|  |TAMS 0x0000000086b00000, 0x0000000086b00000| Untracked 
| 108|0x0000000086c00000, 0x0000000086c00000, 0x0000000086d00000|  0%| F|  |TAMS 0x0000000086c00000, 0x0000000086c00000| Untracked 
| 109|0x0000000086d00000, 0x0000000086d00000, 0x0000000086e00000|  0%| F|  |TAMS 0x0000000086d00000, 0x0000000086d00000| Untracked 
| 110|0x0000000086e00000, 0x0000000086e00000, 0x0000000086f00000|  0%| F|  |TAMS 0x0000000086e00000, 0x0000000086e00000| Untracked 
| 111|0x0000000086f00000, 0x0000000086f00000, 0x0000000087000000|  0%| F|  |TAMS 0x0000000086f00000, 0x0000000086f00000| Untracked 
| 112|0x0000000087000000, 0x0000000087000000, 0x0000000087100000|  0%| F|  |TAMS 0x0000000087000000, 0x0000000087000000| Untracked 
| 113|0x0000000087100000, 0x0000000087100000, 0x0000000087200000|  0%| F|  |TAMS 0x0000000087100000, 0x0000000087100000| Untracked 
| 114|0x0000000087200000, 0x0000000087200000, 0x0000000087300000|  0%| F|  |TAMS 0x0000000087200000, 0x0000000087200000| Untracked 
| 115|0x0000000087300000, 0x0000000087300000, 0x0000000087400000|  0%| F|  |TAMS 0x0000000087300000, 0x0000000087300000| Untracked 
| 116|0x0000000087400000, 0x0000000087400000, 0x0000000087500000|  0%| F|  |TAMS 0x0000000087400000, 0x0000000087400000| Untracked 
| 117|0x0000000087500000, 0x0000000087500000, 0x0000000087600000|  0%| F|  |TAMS 0x0000000087500000, 0x0000000087500000| Untracked 
| 118|0x0000000087600000, 0x0000000087600000, 0x0000000087700000|  0%| F|  |TAMS 0x0000000087600000, 0x0000000087600000| Untracked 
| 119|0x0000000087700000, 0x0000000087700000, 0x0000000087800000|  0%| F|  |TAMS 0x0000000087700000, 0x0000000087700000| Untracked 
| 120|0x0000000087800000, 0x0000000087800000, 0x0000000087900000|  0%| F|  |TAMS 0x0000000087800000, 0x0000000087800000| Untracked 
| 121|0x0000000087900000, 0x0000000087900000, 0x0000000087a00000|  0%| F|  |TAMS 0x0000000087900000, 0x0000000087900000| Untracked 
| 122|0x0000000087a00000, 0x0000000087a00000, 0x0000000087b00000|  0%| F|  |TAMS 0x0000000087a00000, 0x0000000087a00000| Untracked 
| 123|0x0000000087b00000, 0x0000000087b00000, 0x0000000087c00000|  0%| F|  |TAMS 0x0000000087b00000, 0x0000000087b00000| Untracked 
| 124|0x0000000087c00000, 0x0000000087c00000, 0x0000000087d00000|  0%| F|  |TAMS 0x0000000087c00000, 0x0000000087c00000| Untracked 
| 125|0x0000000087d00000, 0x0000000087d00000, 0x0000000087e00000|  0%| F|  |TAMS 0x0000000087d00000, 0x0000000087d00000| Untracked 
| 126|0x0000000087e00000, 0x0000000087e00000, 0x0000000087f00000|  0%| F|  |TAMS 0x0000000087e00000, 0x0000000087e00000| Untracked 
| 127|0x0000000087f00000, 0x0000000087f00000, 0x0000000088000000|  0%| F|  |TAMS 0x0000000087f00000, 0x0000000087f00000| Untracked 
| 128|0x0000000088000000, 0x0000000088000000, 0x0000000088100000|  0%| F|  |TAMS 0x0000000088000000, 0x0000000088000000| Untracked 
| 129|0x0000000088100000, 0x0000000088100000, 0x0000000088200000|  0%| F|  |TAMS 0x0000000088100000, 0x0000000088100000| Untracked 
| 130|0x0000000088200000, 0x0000000088200000, 0x0000000088300000|  0%| F|  |TAMS 0x0000000088200000, 0x0000000088200000| Untracked 
| 131|0x0000000088300000, 0x0000000088300000, 0x0000000088400000|  0%| F|  |TAMS 0x0000000088300000, 0x0000000088300000| Untracked 
| 132|0x0000000088400000, 0x0000000088400000, 0x0000000088500000|  0%| F|  |TAMS 0x0000000088400000, 0x0000000088400000| Untracked 
| 133|0x0000000088500000, 0x0000000088500000, 0x0000000088600000|  0%| F|  |TAMS 0x0000000088500000, 0x0000000088500000| Untracked 
| 134|0x0000000088600000, 0x0000000088600000, 0x0000000088700000|  0%| F|  |TAMS 0x0000000088600000, 0x0000000088600000| Untracked 
| 135|0x0000000088700000, 0x0000000088700000, 0x0000000088800000|  0%| F|  |TAMS 0x0000000088700000, 0x0000000088700000| Untracked 
| 136|0x0000000088800000, 0x0000000088800000, 0x0000000088900000|  0%| F|  |TAMS 0x0000000088800000, 0x0000000088800000| Untracked 
| 137|0x0000000088900000, 0x0000000088900000, 0x0000000088a00000|  0%| F|  |TAMS 0x0000000088900000, 0x0000000088900000| Untracked 
| 138|0x0000000088a00000, 0x0000000088a00000, 0x0000000088b00000|  0%| F|  |TAMS 0x0000000088a00000, 0x0000000088a00000| Untracked 
| 139|0x0000000088b00000, 0x0000000088b00000, 0x0000000088c00000|  0%| F|  |TAMS 0x0000000088b00000, 0x0000000088b00000| Untracked 
| 140|0x0000000088c00000, 0x0000000088c00000, 0x0000000088d00000|  0%| F|  |TAMS 0x0000000088c00000, 0x0000000088c00000| Untracked 
| 141|0x0000000088d00000, 0x0000000088d00000, 0x0000000088e00000|  0%| F|  |TAMS 0x0000000088d00000, 0x0000000088d00000| Untracked 
| 142|0x0000000088e00000, 0x0000000088e00000, 0x0000000088f00000|  0%| F|  |TAMS 0x0000000088e00000, 0x0000000088e00000| Untracked 
| 143|0x0000000088f00000, 0x0000000088f00000, 0x0000000089000000|  0%| F|  |TAMS 0x0000000088f00000, 0x0000000088f00000| Untracked 
| 144|0x0000000089000000, 0x0000000089000000, 0x0000000089100000|  0%| F|  |TAMS 0x0000000089000000, 0x0000000089000000| Untracked 
| 145|0x0000000089100000, 0x0000000089100000, 0x0000000089200000|  0%| F|  |TAMS 0x0000000089100000, 0x0000000089100000| Untracked 
| 146|0x0000000089200000, 0x0000000089200000, 0x0000000089300000|  0%| F|  |TAMS 0x0000000089200000, 0x0000000089200000| Untracked 
| 147|0x0000000089300000, 0x0000000089300000, 0x0000000089400000|  0%| F|  |TAMS 0x0000000089300000, 0x0000000089300000| Untracked 
| 148|0x0000000089400000, 0x0000000089400000, 0x0000000089500000|  0%| F|  |TAMS 0x0000000089400000, 0x0000000089400000| Untracked 
| 149|0x0000000089500000, 0x0000000089500000, 0x0000000089600000|  0%| F|  |TAMS 0x0000000089500000, 0x0000000089500000| Untracked 
| 150|0x0000000089600000, 0x0000000089600000, 0x0000000089700000|  0%| F|  |TAMS 0x0000000089600000, 0x0000000089600000| Untracked 
| 151|0x0000000089700000, 0x0000000089700000, 0x0000000089800000|  0%| F|  |TAMS 0x0000000089700000, 0x0000000089700000| Untracked 
| 152|0x0000000089800000, 0x0000000089800000, 0x0000000089900000|  0%| F|  |TAMS 0x0000000089800000, 0x0000000089800000| Untracked 
| 153|0x0000000089900000, 0x0000000089900000, 0x0000000089a00000|  0%| F|  |TAMS 0x0000000089900000, 0x0000000089900000| Untracked 
| 154|0x0000000089a00000, 0x0000000089a00000, 0x0000000089b00000|  0%| F|  |TAMS 0x0000000089a00000, 0x0000000089a00000| Untracked 
| 155|0x0000000089b00000, 0x0000000089b00000, 0x0000000089c00000|  0%| F|  |TAMS 0x0000000089b00000, 0x0000000089b00000| Untracked 
| 156|0x0000000089c00000, 0x0000000089c00000, 0x0000000089d00000|  0%| F|  |TAMS 0x0000000089c00000, 0x0000000089c00000| Untracked 
| 157|0x0000000089d00000, 0x0000000089d00000, 0x0000000089e00000|  0%| F|  |TAMS 0x0000000089d00000, 0x0000000089d00000| Untracked 
| 158|0x0000000089e00000, 0x0000000089e00000, 0x0000000089f00000|  0%| F|  |TAMS 0x0000000089e00000, 0x0000000089e00000| Untracked 
| 159|0x0000000089f00000, 0x0000000089f00000, 0x000000008a000000|  0%| F|  |TAMS 0x0000000089f00000, 0x0000000089f00000| Untracked 
| 160|0x000000008a000000, 0x000000008a000000, 0x000000008a100000|  0%| F|  |TAMS 0x000000008a000000, 0x000000008a000000| Untracked 
| 161|0x000000008a100000, 0x000000008a100000, 0x000000008a200000|  0%| F|  |TAMS 0x000000008a100000, 0x000000008a100000| Untracked 
| 162|0x000000008a200000, 0x000000008a200000, 0x000000008a300000|  0%| F|  |TAMS 0x000000008a200000, 0x000000008a200000| Untracked 
| 163|0x000000008a300000, 0x000000008a300000, 0x000000008a400000|  0%| F|  |TAMS 0x000000008a300000, 0x000000008a300000| Untracked 
| 164|0x000000008a400000, 0x000000008a400000, 0x000000008a500000|  0%| F|  |TAMS 0x000000008a400000, 0x000000008a400000| Untracked 
| 165|0x000000008a500000, 0x000000008a500000, 0x000000008a600000|  0%| F|  |TAMS 0x000000008a500000, 0x000000008a500000| Untracked 
| 166|0x000000008a600000, 0x000000008a600000, 0x000000008a700000|  0%| F|  |TAMS 0x000000008a600000, 0x000000008a600000| Untracked 
| 167|0x000000008a700000, 0x000000008a700000, 0x000000008a800000|  0%| F|  |TAMS 0x000000008a700000, 0x000000008a700000| Untracked 
| 168|0x000000008a800000, 0x000000008a800000, 0x000000008a900000|  0%| F|  |TAMS 0x000000008a800000, 0x000000008a800000| Untracked 
| 169|0x000000008a900000, 0x000000008a9f4148, 0x000000008aa00000| 95%| E|  |TAMS 0x000000008a900000, 0x000000008a900000| Complete 
| 170|0x000000008aa00000, 0x000000008ab00000, 0x000000008ab00000|100%| E|CS|TAMS 0x000000008aa00000, 0x000000008aa00000| Complete 
| 171|0x000000008ab00000, 0x000000008ac00000, 0x000000008ac00000|100%| E|  |TAMS 0x000000008ab00000, 0x000000008ab00000| Complete 
| 172|0x000000008ac00000, 0x000000008ad00000, 0x000000008ad00000|100%| E|CS|TAMS 0x000000008ac00000, 0x000000008ac00000| Complete 
| 173|0x000000008ad00000, 0x000000008ae00000, 0x000000008ae00000|100%| E|CS|TAMS 0x000000008ad00000, 0x000000008ad00000| Complete 
| 174|0x000000008ae00000, 0x000000008af00000, 0x000000008af00000|100%| E|CS|TAMS 0x000000008ae00000, 0x000000008ae00000| Complete 
| 175|0x000000008af00000, 0x000000008b000000, 0x000000008b000000|100%| E|CS|TAMS 0x000000008af00000, 0x000000008af00000| Complete 
| 176|0x000000008b000000, 0x000000008b100000, 0x000000008b100000|100%| E|CS|TAMS 0x000000008b000000, 0x000000008b000000| Complete 
| 177|0x000000008b100000, 0x000000008b200000, 0x000000008b200000|100%| E|CS|TAMS 0x000000008b100000, 0x000000008b100000| Complete 
| 178|0x000000008b200000, 0x000000008b300000, 0x000000008b300000|100%| E|CS|TAMS 0x000000008b200000, 0x000000008b200000| Complete 
| 179|0x000000008b300000, 0x000000008b400000, 0x000000008b400000|100%| E|CS|TAMS 0x000000008b300000, 0x000000008b300000| Complete 
| 180|0x000000008b400000, 0x000000008b500000, 0x000000008b500000|100%| E|CS|TAMS 0x000000008b400000, 0x000000008b400000| Complete 
| 181|0x000000008b500000, 0x000000008b600000, 0x000000008b600000|100%| E|CS|TAMS 0x000000008b500000, 0x000000008b500000| Complete 
| 182|0x000000008b600000, 0x000000008b700000, 0x000000008b700000|100%| E|CS|TAMS 0x000000008b600000, 0x000000008b600000| Complete 
| 183|0x000000008b700000, 0x000000008b800000, 0x000000008b800000|100%| E|CS|TAMS 0x000000008b700000, 0x000000008b700000| Complete 
| 184|0x000000008b800000, 0x000000008b85eba8, 0x000000008b900000| 37%| S|CS|TAMS 0x000000008b800000, 0x000000008b800000| Complete 
| 185|0x000000008b900000, 0x000000008ba00000, 0x000000008ba00000|100%| E|CS|TAMS 0x000000008b900000, 0x000000008b900000| Complete 
| 186|0x000000008ba00000, 0x000000008bb00000, 0x000000008bb00000|100%| E|CS|TAMS 0x000000008ba00000, 0x000000008ba00000| Complete 
| 187|0x000000008bb00000, 0x000000008bc00000, 0x000000008bc00000|100%| E|CS|TAMS 0x000000008bb00000, 0x000000008bb00000| Complete 
| 188|0x000000008bc00000, 0x000000008bd00000, 0x000000008bd00000|100%| E|CS|TAMS 0x000000008bc00000, 0x000000008bc00000| Complete 
| 189|0x000000008bd00000, 0x000000008be00000, 0x000000008be00000|100%| E|CS|TAMS 0x000000008bd00000, 0x000000008bd00000| Complete 
| 190|0x000000008be00000, 0x000000008bf00000, 0x000000008bf00000|100%| E|CS|TAMS 0x000000008be00000, 0x000000008be00000| Complete 
| 191|0x000000008bf00000, 0x000000008c000000, 0x000000008c000000|100%| E|CS|TAMS 0x000000008bf00000, 0x000000008bf00000| Complete 

Card table byte_map: [0x0000024677000000,0x0000024677400000] _byte_map_base: 0x0000024676c00000

Marking Bits (Prev, Next): (CMBitMap*) 0x00000246714b0640, (CMBitMap*) 0x00000246714b0608
 Prev Bits: [0x0000024679800000, 0x000002467b800000)
 Next Bits: [0x0000024677800000, 0x0000024679800000)

Polling page: 0x0000024672d00000

Metaspace:

Usage:
  Non-class:    108.17 MB capacity,   105.53 MB ( 98%) used,     2.17 MB (  2%) free+waste,   473.13 KB ( <1%) overhead. 
      Class:     15.63 MB capacity,    14.23 MB ( 91%) used,     1.21 MB (  8%) free+waste,   202.50 KB (  1%) overhead. 
       Both:    123.80 MB capacity,   119.76 MB ( 97%) used,     3.38 MB (  3%) free+waste,   675.63 KB ( <1%) overhead. 

Virtual space:
  Non-class space:      110.00 MB reserved,     108.30 MB ( 98%) committed 
      Class space:        1.00 GB reserved,      15.80 MB (  2%) committed 
             Both:        1.11 GB reserved,     124.10 MB ( 11%) committed 

Chunk freelists:
   Non-Class:  12.00 KB
       Class:  56.00 KB
        Both:  68.00 KB

MaxMetaspaceSize: 17179869184.00 GB
CompressedClassSpaceSize: 1.00 GB

CodeHeap 'non-profiled nmethods': size=120064Kb used=25080Kb max_used=25080Kb free=94984Kb
 bounds [0x0000024607ac0000, 0x0000024609380000, 0x000002460f000000]
CodeHeap 'profiled nmethods': size=120000Kb used=49919Kb max_used=49919Kb free=70080Kb
 bounds [0x0000024600590000, 0x0000024603730000, 0x0000024607ac0000]
CodeHeap 'non-nmethods': size=5696Kb used=2323Kb max_used=2400Kb free=3372Kb
 bounds [0x0000024600000000, 0x0000024600270000, 0x0000024600590000]
 total_blobs=25397 nmethods=24464 adapters=841
 compilation: enabled
              stopped_count=0, restarted_count=0
 full_count=0

Compilation events (20 events):
Event: 4206.645 Thread 0x000002467de6a000 31961       3       com.android.build.gradle.tasks.MergeResources_Decorated::getBlameLogOutputFolder (44 bytes)
Event: 4206.646 Thread 0x000002467de6a000 nmethod 31961 0x00000246019dbc90 code [0x00000246019dbf40, 0x00000246019dd058]
Event: 4206.646 Thread 0x000002467de66800 31962       4       org.gradle.execution.plan.DefaultExecutionPlan::nodeSatisfiesTaskFilter (26 bytes)
Event: 4206.647 Thread 0x000002467de66800 nmethod 31962 0x0000024608eb9b10 code [0x0000024608eb9cc0, 0x0000024608eb9d98]
Event: 4206.651 Thread 0x000002467de6a000 31963   !   3       com.google.common.cache.LocalCache$HashIterator::advanceTo (92 bytes)
Event: 4206.653 Thread 0x000002467de6a000 nmethod 31963 0x000002460309bb10 code [0x000002460309be80, 0x000002460309d538]
Event: 4206.653 Thread 0x000002467de6a000 31964       3       com.google.protobuf.CodedInputStream::newInstance (8 bytes)
Event: 4206.653 Thread 0x000002467de6a000 nmethod 31964 0x0000024600976e10 code [0x0000024600976fc0, 0x00000246009770c8]
Event: 4206.653 Thread 0x000002467de6a000 31965   !   3       com.google.protobuf.CodedInputStream::newInstance (39 bytes)
Event: 4206.653 Thread 0x000002467de6a000 nmethod 31965 0x000002460097a990 code [0x000002460097ab80, 0x000002460097aec8]
Event: 4206.653 Thread 0x000002467de6a000 31966       3       java.util.concurrent.LinkedBlockingQueue::<init> (7 bytes)
Event: 4206.654 Thread 0x000002467de6a000 nmethod 31966 0x0000024600976990 code [0x0000024600976b40, 0x0000024600976c68]
Event: 4206.654 Thread 0x000002467de6a000 31967       3       java.util.concurrent.LinkedBlockingQueue::<init> (94 bytes)
Event: 4206.654 Thread 0x000002467de6a000 nmethod 31967 0x0000024603042710 code [0x0000024603042a20, 0x0000024603043ee8]
Event: 4206.660 Thread 0x000002467de66800 31968       4       com.google.common.collect.RegularImmutableSortedSet::size (8 bytes)
Event: 4206.661 Thread 0x000002467de66800 nmethod 31968 0x0000024608eb9790 code [0x0000024608eb9920, 0x0000024608eb99b8]
Event: 4206.669 Thread 0x000002467de66800 31969       4       org.gradle.api.internal.WithEstimatedSize$Estimates::isKnownToHaveConstantTimeSizeMethod (33 bytes)
Event: 4206.670 Thread 0x000002467de66800 nmethod 31969 0x0000024608fe4090 code [0x0000024608fe4240, 0x0000024608fe42f8]
Event: 4206.683 Thread 0x000002467de66800 31970       4       org.gradle.api.internal.artifacts.metadata.ComponentArtifactIdentifierSerializer::write (10 bytes)
Event: 4206.685 Thread 0x000002467de66800 nmethod 31970 0x0000024608fe8590 code [0x0000024608fe8780, 0x0000024608fe89a0]

GC Heap History (20 events):
Event: 4105.955 GC heap before
{Heap before GC invocations=274 (full 0):
 garbage-first heap   total 196608K, used 144135K [0x0000000080000000, 0x0000000100000000)
  region size 1024K, 62 young (63488K), 1 survivors (1024K)
 Metaspace       used 122476K, capacity 126692K, committed 127080K, reserved 1161216K
  class space    used 14564K, capacity 16005K, committed 16176K, reserved 1048576K
}
Event: 4105.964 GC heap after
{Heap after GC invocations=275 (full 0):
 garbage-first heap   total 196608K, used 88717K [0x0000000080000000, 0x0000000100000000)
  region size 1024K, 6 young (6144K), 6 survivors (6144K)
 Metaspace       used 122476K, capacity 126692K, committed 127080K, reserved 1161216K
  class space    used 14564K, capacity 16005K, committed 16176K, reserved 1048576K
}
Event: 4126.006 GC heap before
{Heap before GC invocations=276 (full 0):
 garbage-first heap   total 196608K, used 182925K [0x0000000080000000, 0x0000000100000000)
  region size 1024K, 70 young (71680K), 6 survivors (6144K)
 Metaspace       used 122493K, capacity 126756K, committed 127080K, reserved 1161216K
  class space    used 14564K, capacity 16005K, committed 16176K, reserved 1048576K
}
Event: 4126.019 GC heap after
{Heap after GC invocations=277 (full 0):
 garbage-first heap   total 196608K, used 91272K [0x0000000080000000, 0x0000000100000000)
  region size 1024K, 5 young (5120K), 5 survivors (5120K)
 Metaspace       used 122493K, capacity 126756K, committed 127080K, reserved 1161216K
  class space    used 14564K, capacity 16005K, committed 16176K, reserved 1048576K
}
Event: 4126.042 GC heap before
{Heap before GC invocations=277 (full 0):
 garbage-first heap   total 196608K, used 94344K [0x0000000080000000, 0x0000000100000000)
  region size 1024K, 9 young (9216K), 5 survivors (5120K)
 Metaspace       used 122494K, capacity 126756K, committed 127080K, reserved 1161216K
  class space    used 14564K, capacity 16005K, committed 16176K, reserved 1048576K
}
Event: 4126.054 GC heap after
{Heap after GC invocations=278 (full 0):
 garbage-first heap   total 196608K, used 83515K [0x0000000080000000, 0x0000000100000000)
  region size 1024K, 1 young (1024K), 1 survivors (1024K)
 Metaspace       used 122494K, capacity 126756K, committed 127080K, reserved 1161216K
  class space    used 14564K, capacity 16005K, committed 16176K, reserved 1048576K
}
Event: 4127.072 GC heap before
{Heap before GC invocations=278 (full 0):
 garbage-first heap   total 196608K, used 154171K [0x0000000080000000, 0x0000000100000000)
  region size 1024K, 71 young (72704K), 1 survivors (1024K)
 Metaspace       used 122498K, capacity 126756K, committed 127080K, reserved 1161216K
  class space    used 14565K, capacity 16005K, committed 16176K, reserved 1048576K
}
Event: 4127.080 GC heap after
{Heap after GC invocations=279 (full 0):
 garbage-first heap   total 196608K, used 85561K [0x0000000080000000, 0x0000000100000000)
  region size 1024K, 3 young (3072K), 3 survivors (3072K)
 Metaspace       used 122498K, capacity 126756K, committed 127080K, reserved 1161216K
  class space    used 14565K, capacity 16005K, committed 16176K, reserved 1048576K
}
Event: 4187.288 GC heap before
{Heap before GC invocations=280 (full 0):
 garbage-first heap   total 196608K, used 185913K [0x0000000080000000, 0x0000000100000000)
  region size 1024K, 73 young (74752K), 3 survivors (3072K)
 Metaspace       used 122548K, capacity 126768K, committed 127080K, reserved 1161216K
  class space    used 14567K, capacity 16008K, committed 16176K, reserved 1048576K
}
Event: 4187.295 GC heap after
{Heap after GC invocations=281 (full 0):
 garbage-first heap   total 196608K, used 86760K [0x0000000080000000, 0x0000000100000000)
  region size 1024K, 5 young (5120K), 5 survivors (5120K)
 Metaspace       used 122548K, capacity 126768K, committed 127080K, reserved 1161216K
  class space    used 14567K, capacity 16008K, committed 16176K, reserved 1048576K
}
Event: 4187.309 GC heap before
{Heap before GC invocations=281 (full 0):
 garbage-first heap   total 196608K, used 89832K [0x0000000080000000, 0x0000000100000000)
  region size 1024K, 9 young (9216K), 5 survivors (5120K)
 Metaspace       used 122548K, capacity 126768K, committed 127080K, reserved 1161216K
  class space    used 14567K, capacity 16008K, committed 16176K, reserved 1048576K
}
Event: 4187.316 GC heap after
{Heap after GC invocations=282 (full 0):
 garbage-first heap   total 196608K, used 76511K [0x0000000080000000, 0x0000000100000000)
  region size 1024K, 1 young (1024K), 1 survivors (1024K)
 Metaspace       used 122548K, capacity 126768K, committed 127080K, reserved 1161216K
  class space    used 14567K, capacity 16008K, committed 16176K, reserved 1048576K
}
Event: 4188.434 GC heap before
{Heap before GC invocations=282 (full 0):
 garbage-first heap   total 196608K, used 155359K [0x0000000080000000, 0x0000000100000000)
  region size 1024K, 79 young (80896K), 1 survivors (1024K)
 Metaspace       used 122557K, capacity 126770K, committed 127080K, reserved 1161216K
  class space    used 14567K, capacity 16008K, committed 16176K, reserved 1048576K
}
Event: 4188.441 GC heap after
{Heap after GC invocations=283 (full 0):
 garbage-first heap   total 196608K, used 78866K [0x0000000080000000, 0x0000000100000000)
  region size 1024K, 4 young (4096K), 4 survivors (4096K)
 Metaspace       used 122557K, capacity 126770K, committed 127080K, reserved 1161216K
  class space    used 14567K, capacity 16008K, committed 16176K, reserved 1048576K
}
Event: 4188.979 GC heap before
{Heap before GC invocations=284 (full 0):
 garbage-first heap   total 196608K, used 160786K [0x0000000080000000, 0x0000000100000000)
  region size 1024K, 81 young (82944K), 4 survivors (4096K)
 Metaspace       used 122581K, capacity 126770K, committed 127080K, reserved 1161216K
  class space    used 14567K, capacity 16008K, committed 16176K, reserved 1048576K
}
Event: 4188.989 GC heap after
{Heap after GC invocations=285 (full 0):
 garbage-first heap   total 196608K, used 87667K [0x0000000080000000, 0x0000000100000000)
  region size 1024K, 10 young (10240K), 10 survivors (10240K)
 Metaspace       used 122581K, capacity 126770K, committed 127080K, reserved 1161216K
  class space    used 14567K, capacity 16008K, committed 16176K, reserved 1048576K
}
Event: 4188.998 GC heap before
{Heap before GC invocations=285 (full 0):
 garbage-first heap   total 196608K, used 87667K [0x0000000080000000, 0x0000000100000000)
  region size 1024K, 11 young (11264K), 10 survivors (10240K)
 Metaspace       used 122581K, capacity 126770K, committed 127080K, reserved 1161216K
  class space    used 14567K, capacity 16008K, committed 16176K, reserved 1048576K
}
Event: 4189.009 GC heap after
{Heap after GC invocations=286 (full 0):
 garbage-first heap   total 196608K, used 80526K [0x0000000080000000, 0x0000000100000000)
  region size 1024K, 1 young (1024K), 1 survivors (1024K)
 Metaspace       used 122581K, capacity 126770K, committed 127080K, reserved 1161216K
  class space    used 14567K, capacity 16008K, committed 16176K, reserved 1048576K
}
Event: 4189.024 GC heap before
{Heap before GC invocations=286 (full 0):
 garbage-first heap   total 196608K, used 82574K [0x0000000080000000, 0x0000000100000000)
  region size 1024K, 4 young (4096K), 1 survivors (1024K)
 Metaspace       used 122581K, capacity 126770K, committed 127080K, reserved 1161216K
  class space    used 14567K, capacity 16008K, committed 16176K, reserved 1048576K
}
Event: 4189.028 GC heap after
{Heap after GC invocations=287 (full 0):
 garbage-first heap   total 196608K, used 81716K [0x0000000080000000, 0x0000000100000000)
  region size 1024K, 2 young (2048K), 2 survivors (2048K)
 Metaspace       used 122581K, capacity 126770K, committed 127080K, reserved 1161216K
  class space    used 14567K, capacity 16008K, committed 16176K, reserved 1048576K
}

Deoptimization events (20 events):
Event: 4189.012 Thread 0x0000024611ebc000 DEOPT PACKING pc=0x00000246092d35d0 sp=0x000000f9511fcd70
Event: 4189.012 Thread 0x0000024611ebc000 DEOPT UNPACKING pc=0x00000246000274af sp=0x000000f9511fcd40 mode 2
Event: 4189.013 Thread 0x0000024611ec0000 DEOPT PACKING pc=0x0000024600dc3beb sp=0x000000f9510fd300
Event: 4189.013 Thread 0x0000024611ec0000 DEOPT UNPACKING pc=0x00000246000272ce sp=0x000000f9510fc828 mode 0
Event: 4189.016 Thread 0x0000024611ebc000 DEOPT PACKING pc=0x0000024602ab6185 sp=0x000000f9511fcc40
Event: 4189.016 Thread 0x0000024611ebc000 DEOPT UNPACKING pc=0x00000246000272ce sp=0x000000f9511fc0d8 mode 0
Event: 4189.030 Thread 0x0000024611ec0000 DEOPT PACKING pc=0x0000024602ab6185 sp=0x000000f9510fcf50
Event: 4189.030 Thread 0x0000024611ec0000 DEOPT UNPACKING pc=0x00000246000272ce sp=0x000000f9510fc3e8 mode 0
Event: 4189.032 Thread 0x0000024611ec0000 DEOPT PACKING pc=0x0000024602ab6185 sp=0x000000f9510fcf50
Event: 4189.032 Thread 0x0000024611ec0000 DEOPT UNPACKING pc=0x00000246000272ce sp=0x000000f9510fc3e8 mode 0
Event: 4189.116 Thread 0x0000024611393000 DEOPT PACKING pc=0x00000246034a2d5d sp=0x000000f9506fca20
Event: 4189.116 Thread 0x0000024611393000 DEOPT UNPACKING pc=0x00000246000272ce sp=0x000000f9506fbf50 mode 0
Event: 4189.146 Thread 0x0000024611393000 DEOPT PACKING pc=0x000002460230a8ce sp=0x000000f9506fcbf0
Event: 4189.146 Thread 0x0000024611393000 DEOPT UNPACKING pc=0x00000246000272ce sp=0x000000f9506fc0b0 mode 0
Event: 4189.202 Thread 0x0000024611393000 DEOPT PACKING pc=0x0000024600dc3beb sp=0x000000f9506fcdb0
Event: 4189.202 Thread 0x0000024611393000 DEOPT UNPACKING pc=0x00000246000272ce sp=0x000000f9506fc2d8 mode 0
Event: 4189.234 Thread 0x0000024611393000 DEOPT PACKING pc=0x0000024602ab6185 sp=0x000000f9506fca00
Event: 4189.234 Thread 0x0000024611393000 DEOPT UNPACKING pc=0x00000246000272ce sp=0x000000f9506fbe98 mode 0
Event: 4189.316 Thread 0x0000024611ebc000 DEOPT PACKING pc=0x0000024602739f6d sp=0x000000f9511fce20
Event: 4189.316 Thread 0x0000024611ebc000 DEOPT UNPACKING pc=0x00000246000272ce sp=0x000000f9511fc298 mode 0

Classes redefined (0 events):
No events

Internal exceptions (20 events):
Event: 4188.821 Thread 0x000002461138b000 Exception <a 'sun/nio/fs/WindowsException'{0x000000008a5f3900}> (0x000000008a5f3900) thrown at [./src/hotspot/share/prims/jni.cpp, line 615]
Event: 4188.829 Thread 0x000002461138b000 Exception <a 'sun/nio/fs/WindowsException'{0x000000008a4d2480}> (0x000000008a4d2480) thrown at [./src/hotspot/share/prims/jni.cpp, line 615]
Event: 4188.830 Thread 0x000002461138b000 Exception <a 'sun/nio/fs/WindowsException'{0x000000008a4d3728}> (0x000000008a4d3728) thrown at [./src/hotspot/share/prims/jni.cpp, line 615]
Event: 4188.830 Thread 0x000002461138b000 Exception <a 'sun/nio/fs/WindowsException'{0x000000008a4d44e0}> (0x000000008a4d44e0) thrown at [./src/hotspot/share/prims/jni.cpp, line 615]
Event: 4188.830 Thread 0x000002461138b000 Exception <a 'sun/nio/fs/WindowsException'{0x000000008a4d54e0}> (0x000000008a4d54e0) thrown at [./src/hotspot/share/prims/jni.cpp, line 615]
Event: 4188.830 Thread 0x000002461138b000 Exception <a 'sun/nio/fs/WindowsException'{0x000000008a4d5678}> (0x000000008a4d5678) thrown at [./src/hotspot/share/prims/jni.cpp, line 615]
Event: 4188.830 Thread 0x000002461138b000 Exception <a 'sun/nio/fs/WindowsException'{0x000000008a4d73e8}> (0x000000008a4d73e8) thrown at [./src/hotspot/share/prims/jni.cpp, line 615]
Event: 4188.837 Thread 0x000002461138b000 Exception <a 'sun/nio/fs/WindowsException'{0x000000008a395680}> (0x000000008a395680) thrown at [./src/hotspot/share/prims/jni.cpp, line 615]
Event: 4188.840 Thread 0x000002461138b000 Exception <a 'sun/nio/fs/WindowsException'{0x000000008a215ca0}> (0x000000008a215ca0) thrown at [./src/hotspot/share/prims/jni.cpp, line 615]
Event: 4188.840 Thread 0x000002461138b000 Exception <a 'sun/nio/fs/WindowsException'{0x000000008a216f48}> (0x000000008a216f48) thrown at [./src/hotspot/share/prims/jni.cpp, line 615]
Event: 4188.848 Thread 0x000002461138b000 Exception <a 'sun/nio/fs/WindowsException'{0x000000008a2eab50}> (0x000000008a2eab50) thrown at [./src/hotspot/share/prims/jni.cpp, line 615]
Event: 4188.851 Thread 0x000002461138b000 Exception <a 'sun/nio/fs/WindowsException'{0x000000008a2fa4f8}> (0x000000008a2fa4f8) thrown at [./src/hotspot/share/prims/jni.cpp, line 615]
Event: 4188.886 Thread 0x000002461138b000 Exception <a 'sun/nio/fs/WindowsException'{0x000000008a0a7ec8}> (0x000000008a0a7ec8) thrown at [./src/hotspot/share/prims/jni.cpp, line 615]
Event: 4189.102 Thread 0x0000024611393000 Exception <a 'sun/nio/fs/WindowsException'{0x000000008be6fda0}> (0x000000008be6fda0) thrown at [./src/hotspot/share/prims/jni.cpp, line 615]
Event: 4189.178 Thread 0x0000024611ebc000 Exception <a 'sun/nio/fs/WindowsException'{0x000000008bf6eec0}> (0x000000008bf6eec0) thrown at [./src/hotspot/share/prims/jni.cpp, line 615]
Event: 4189.214 Thread 0x0000024611ebc000 Exception <a 'sun/nio/fs/WindowsException'{0x000000008ae30378}> (0x000000008ae30378) thrown at [./src/hotspot/share/prims/jni.cpp, line 615]
Event: 4189.237 Thread 0x0000024611ec0000 Exception <a 'sun/nio/fs/WindowsException'{0x000000008bf54f60}> (0x000000008bf54f60) thrown at [./src/hotspot/share/prims/jni.cpp, line 615]
Event: 4189.241 Thread 0x0000024611393000 Exception <a 'sun/nio/fs/WindowsException'{0x000000008ac77db8}> (0x000000008ac77db8) thrown at [./src/hotspot/share/prims/jni.cpp, line 615]
Event: 4189.248 Thread 0x0000024611ec0000 Exception <a 'sun/nio/fs/WindowsException'{0x000000008abe1848}> (0x000000008abe1848) thrown at [./src/hotspot/share/prims/jni.cpp, line 615]
Event: 4206.631 Thread 0x0000024611ebd800 Exception <a 'sun/nio/fs/WindowsException'{0x00000000893ea238}> (0x00000000893ea238) thrown at [./src/hotspot/share/prims/jni.cpp, line 615]

Events (20 events):
Event: 4206.525 Thread 0x000002467e79b000 flushing nmethod 0x00000246030b7010
Event: 4206.527 Thread 0x000002467e79b000 flushing nmethod 0x000002460341ee90
Event: 4206.528 Thread 0x00000246103ed000 Thread added: 0x00000246103ed000
Event: 4206.565 Thread 0x00000246103e9800 Thread added: 0x00000246103e9800
Event: 4206.565 Thread 0x00000246103ea800 Thread added: 0x00000246103ea800
Event: 4206.565 Thread 0x00000246103ee000 Thread added: 0x00000246103ee000
Event: 4206.565 Thread 0x00000246103f0000 Thread added: 0x00000246103f0000
Event: 4206.565 Executing VM operation: RevokeBias
Event: 4206.566 Executing coalesced safepoint VM operation: RevokeBias
Event: 4206.566 Executing coalesced safepoint VM operation: RevokeBias done
Event: 4206.566 Executing VM operation: RevokeBias done
Event: 4206.566 Executing VM operation: RevokeBias
Event: 4206.566 Executing VM operation: RevokeBias done
Event: 4206.592 Thread 0x0000024611141800 Thread added: 0x0000024611141800
Event: 4206.651 Thread 0x00000246103eb800 Thread added: 0x00000246103eb800
Event: 4206.653 Thread 0x00000246103f2800 Thread added: 0x00000246103f2800
Event: 4206.654 Thread 0x00000246103f2000 Thread added: 0x00000246103f2000
Event: 4206.654 Thread 0x00000246103f3800 Thread added: 0x00000246103f3800
Event: 4206.654 Thread 0x000002461138b000 Thread added: 0x000002461138b000
Event: 4206.655 Thread 0x000002461138c000 Thread added: 0x000002461138c000


Dynamic libraries:
0x00007ff73cb10000 - 0x00007ff73cb1a000 	F:\Fredwei\program\AndroidStudio\jre\bin\java.exe
0x00007fff3ef70000 - 0x00007fff3f165000 	C:\WINDOWS\SYSTEM32\ntdll.dll
0x00007fff3e2d0000 - 0x00007fff3e38e000 	C:\WINDOWS\System32\KERNEL32.DLL
0x00007fff3ccf0000 - 0x00007fff3cfb9000 	C:\WINDOWS\System32\KERNELBASE.dll
0x00007fff3c860000 - 0x00007fff3c960000 	C:\WINDOWS\System32\ucrtbase.dll
0x00007fff38180000 - 0x00007fff38197000 	F:\Fredwei\program\AndroidStudio\jre\bin\VCRUNTIME140.dll
0x00007fff153f0000 - 0x00007fff15409000 	F:\Fredwei\program\AndroidStudio\jre\bin\jli.dll
0x00007fff3d170000 - 0x00007fff3d311000 	C:\WINDOWS\System32\USER32.dll
0x00007fff2c940000 - 0x00007fff2cbda000 	C:\WINDOWS\WinSxS\amd64_microsoft.windows.common-controls_6595b64144ccf1df_6.0.19041.1110_none_60b5254171f9507e\COMCTL32.dll
0x00007fff3c960000 - 0x00007fff3c982000 	C:\WINDOWS\System32\win32u.dll
0x00007fff3ede0000 - 0x00007fff3ee0b000 	C:\WINDOWS\System32\GDI32.dll
0x00007fff3ee10000 - 0x00007fff3eeae000 	C:\WINDOWS\System32\msvcrt.dll
0x00007fff3c720000 - 0x00007fff3c82b000 	C:\WINDOWS\System32\gdi32full.dll
0x00007fff3caf0000 - 0x00007fff3cb8d000 	C:\WINDOWS\System32\msvcp_win.dll
0x00007fff3ed00000 - 0x00007fff3ed30000 	C:\WINDOWS\System32\IMM32.DLL
0x00007ffee8fb0000 - 0x00007ffee904d000 	F:\Fredwei\program\AndroidStudio\jre\bin\msvcp140.dll
0x00007ffee34a0000 - 0x00007ffee3f5c000 	F:\Fredwei\program\AndroidStudio\jre\bin\server\jvm.dll
0x00007fff3ed30000 - 0x00007fff3eddc000 	C:\WINDOWS\System32\ADVAPI32.dll
0x00007fff3e110000 - 0x00007fff3e1ab000 	C:\WINDOWS\System32\sechost.dll
0x00007fff3d7c0000 - 0x00007fff3d8ea000 	C:\WINDOWS\System32\RPCRT4.dll
0x00007fff3ec90000 - 0x00007fff3ec98000 	C:\WINDOWS\System32\PSAPI.DLL
0x00007fff2bed0000 - 0x00007fff2bef7000 	C:\WINDOWS\SYSTEM32\WINMM.dll
0x00007fff32680000 - 0x00007fff3268a000 	C:\WINDOWS\SYSTEM32\VERSION.dll
0x00007fff1ee50000 - 0x00007fff1ee59000 	C:\WINDOWS\SYSTEM32\WSOCK32.dll
0x00007fff3e410000 - 0x00007fff3e47b000 	C:\WINDOWS\System32\ws2_32.DLL
0x00007fff3aeb0000 - 0x00007fff3aec2000 	C:\WINDOWS\SYSTEM32\kernel.appcore.dll
0x00007fff1de20000 - 0x00007fff1de31000 	F:\Fredwei\program\AndroidStudio\jre\bin\verify.dll
0x00007fff3aca0000 - 0x00007fff3ae84000 	C:\WINDOWS\SYSTEM32\DBGHELP.DLL
0x00007fff282b0000 - 0x00007fff282dc000 	C:\WINDOWS\SYSTEM32\dbgcore.DLL
0x00007fff3c690000 - 0x00007fff3c713000 	C:\WINDOWS\System32\bcryptPrimitives.dll
0x00007fff1ddf0000 - 0x00007fff1de19000 	F:\Fredwei\program\AndroidStudio\jre\bin\java.dll
0x00007fff1dd20000 - 0x00007fff1dd2b000 	F:\Fredwei\program\AndroidStudio\jre\bin\jimage.dll
0x00007fff1dae0000 - 0x00007fff1daf8000 	F:\Fredwei\program\AndroidStudio\jre\bin\zip.dll
0x00007fff3e550000 - 0x00007fff3ec8f000 	C:\WINDOWS\System32\SHELL32.dll
0x00007fff3a3d0000 - 0x00007fff3ab60000 	C:\WINDOWS\SYSTEM32\windows.storage.dll
0x00007fff3d460000 - 0x00007fff3d7b5000 	C:\WINDOWS\System32\combase.dll
0x00007fff3c0e0000 - 0x00007fff3c10c000 	C:\WINDOWS\SYSTEM32\Wldp.dll
0x00007fff3e220000 - 0x00007fff3e2ce000 	C:\WINDOWS\System32\SHCORE.dll
0x00007fff3d320000 - 0x00007fff3d375000 	C:\WINDOWS\System32\shlwapi.dll
0x00007fff3c5d0000 - 0x00007fff3c5ef000 	C:\WINDOWS\SYSTEM32\profapi.dll
0x00007fff1dac0000 - 0x00007fff1dada000 	F:\Fredwei\program\AndroidStudio\jre\bin\net.dll
0x00007fff35400000 - 0x00007fff35508000 	C:\WINDOWS\SYSTEM32\WINHTTP.dll
0x00007fff3be40000 - 0x00007fff3beaa000 	C:\WINDOWS\system32\mswsock.dll
0x00007fff03e00000 - 0x00007fff03e14000 	F:\Fredwei\program\AndroidStudio\jre\bin\nio.dll
0x00007fff08510000 - 0x00007fff08537000 	C:\Users\韦兴宏\.gradle\native\fdc75f09e3144964f2cf3f50f0aa648679c211496f362492102eb8c894070792\windows-amd64\native-platform.dll
0x00007ffee65c0000 - 0x00007ffee6756000 	C:\Users\韦兴宏\.gradle\native\12488b8bf47d2d4c9fbf2f6322a914ad602e24e48041cd04a747c6da556b65c4\windows-amd64\native-platform-file-events.dll
0x00007fff1dab0000 - 0x00007fff1daba000 	F:\Fredwei\program\AndroidStudio\jre\bin\management.dll
0x00007fff10c60000 - 0x00007fff10c6c000 	F:\Fredwei\program\AndroidStudio\jre\bin\management_ext.dll
0x00007fff3c030000 - 0x00007fff3c048000 	C:\WINDOWS\SYSTEM32\CRYPTSP.dll
0x00007fff3b720000 - 0x00007fff3b754000 	C:\WINDOWS\system32\rsaenh.dll
0x00007fff3c830000 - 0x00007fff3c857000 	C:\WINDOWS\System32\bcrypt.dll
0x00007fff3c590000 - 0x00007fff3c5be000 	C:\WINDOWS\SYSTEM32\USERENV.dll
0x00007fff3c050000 - 0x00007fff3c05c000 	C:\WINDOWS\SYSTEM32\CRYPTBASE.dll
0x00007fff3bae0000 - 0x00007fff3bb1b000 	C:\WINDOWS\SYSTEM32\IPHLPAPI.DLL
0x00007fff3d8f0000 - 0x00007fff3d8f8000 	C:\WINDOWS\System32\NSI.dll
0x00007fff34020000 - 0x00007fff34037000 	C:\WINDOWS\SYSTEM32\dhcpcsvc6.DLL
0x00007fff348e0000 - 0x00007fff348fd000 	C:\WINDOWS\SYSTEM32\dhcpcsvc.DLL
0x00007fff3bb20000 - 0x00007fff3bbec000 	C:\WINDOWS\SYSTEM32\DNSAPI.dll
0x00007fff36230000 - 0x00007fff3623b000 	C:\WINDOWS\SYSTEM32\WINNSI.DLL

dbghelp: loaded successfully - version: 4.0.5 - missing functions: none
symbol engine: initialized successfully - sym options: 0x614 - pdb path: .;F:\Fredwei\program\AndroidStudio\jre\bin;C:\WINDOWS\SYSTEM32;C:\WINDOWS\WinSxS\amd64_microsoft.windows.common-controls_6595b64144ccf1df_6.0.19041.1110_none_60b5254171f9507e;F:\Fredwei\program\AndroidStudio\jre\bin\server;C:\Users\韦兴宏\.gradle\native\fdc75f09e3144964f2cf3f50f0aa648679c211496f362492102eb8c894070792\windows-am;C:\Users\韦兴宏\.gradle\native\fdc75f09e3144964f2cf3f50f0aa648679c211496f362492102eb8c894070792\windows-amd64;C:\Users\韦兴宏\.gradle\native\12488b8bf47d2d4c9fbf2f6322a914ad602e24e48041cd04a747c6da556b65c4\wind;C:\Users\韦兴宏\.gradle\native\12488b8bf47d2d4c9fbf2f6322a914ad602e24e48041cd04a747c6da556b65c4\w;C:\Users\韦兴宏\.gradle\native\12488b8bf47d2d4c9fbf2f6322a914ad602e24e48041cd04a747c6da556b65c;C:\Users\韦兴宏\.gradle\native\12488b8bf47d2d4c9fbf2f6322a914ad602e24e48041cd04a747c6da556b

VM Arguments:
jvm_args: --add-opens=java.base/java.util=ALL-UNNAMED --add-opens=java.base/java.lang=ALL-UNNAMED --add-opens=java.base/java.lang.invoke=ALL-UNNAMED --add-opens=java.prefs/java.util.prefs=ALL-UNNAMED -Xmx2048m -Dfile.encoding=UTF-8 -Duser.country=CN -Duser.language=zh -Duser.variant 
java_command: org.gradle.launcher.daemon.bootstrap.GradleDaemon 6.7.1
java_class_path (initial): C:\Users\韦兴宏\.gradle\wrapper\dists\gradle-6.7.1-bin\bwlcbys1h7rz3272sye1xwiv6\gradle-6.7.1\lib\gradle-launcher-6.7.1.jar
Launcher Type: SUN_STANDARD

[Global flags]
     intx CICompilerCount                          = 3                                         {product} {ergonomic}
     uint ConcGCThreads                            = 1                                         {product} {ergonomic}
     uint G1ConcRefinementThreads                  = 4                                         {product} {ergonomic}
   size_t G1HeapRegionSize                         = 1048576                                   {product} {ergonomic}
    uintx GCDrainStackTargetSize                   = 64                                        {product} {ergonomic}
   size_t InitialHeapSize                          = 134217728                                 {product} {ergonomic}
   size_t MarkStackSize                            = 4194304                                   {product} {ergonomic}
   size_t MaxHeapSize                              = 2147483648                                {product} {command line}
   size_t MaxNewSize                               = 1287651328                                {product} {ergonomic}
   size_t MinHeapDeltaBytes                        = 1048576                                   {product} {ergonomic}
    uintx NonNMethodCodeHeapSize                   = 5830732                                {pd product} {ergonomic}
    uintx NonProfiledCodeHeapSize                  = 122913754                              {pd product} {ergonomic}
    uintx ProfiledCodeHeapSize                     = 122913754                              {pd product} {ergonomic}
    uintx ReservedCodeCacheSize                    = 251658240                              {pd product} {ergonomic}
     bool SegmentedCodeCache                       = true                                      {product} {ergonomic}
     bool UseCompressedClassPointers               = true                                 {lp64_product} {ergonomic}
     bool UseCompressedOops                        = true                                 {lp64_product} {ergonomic}
     bool UseG1GC                                  = true                                      {product} {ergonomic}
     bool UseLargePagesIndividualAllocation        = false                                  {pd product} {ergonomic}

Logging:
Log output configuration:
 #0: stdout all=warning uptime,level,tags
 #1: stderr all=off uptime,level,tags

Environment Variables:
JAVA_HOME=C:\Program Files\Java\jdk-16.0.2
CLASSPATH=.;C:\Program Files\Java\jdk-16.0.2\lib;C:\Program Files\Java\jdk-16.0.2\lib\dt.jar;C:\Program Files\Java\jdk-16.0.2\lib\tools.jar;F:\Fredwei\program\apache-tomcat-10.0.8\lib\servlet-api.jar
PATH=C:\Program Files\Common Files\Oracle\Java\javapath;C:\ProgramData\Oracle\Java\javapath;D:\中国电子口岸客户端控件\libs\MOFCOM;D:\中国电子口岸客;端控件\libs\cus;D:;中国电子口岸客户端控件\libs\pdfes;端控件\libs\pdf;中国电子口岸客户端控件\libs\others;端控件\libs;中国电子口岸客户端控件\;C:\Program;Files (x86)\Common Files\Oracle\Java\javapath;C:\Program Files (x86)\Intel\iCLS Client\;C:\Program Files\Intel\iCLS Client\;C:\Windows\system32;C:\Windows;C:\Windows\System32\Wbem;C:\Windows\System32\WindowsPowerShell\v1.0\;C:\Program Files (x86)\Intel\Intel(R) Management Engine Components\DAL;C:\Program Files\Intel\Intel(R) Management Engine Components\DAL;C:\Program Files (x86)\Intel\Intel(R) Management Engine Components\IPT;C:\Program Files\Intel\Intel(R) Management Engine Components\IPT;C:\Program Files (x86)\NVIDIA Corporation\PhysX\Common;C:\Program Files\Intel\WiFi\bin\;C:\Program Files\Common Files\Intel\WirelessCommon\;C:\WINDOWS\system32;C:\WINDOWS;C:\WINDOWS\System32\Wbem;C:\WINDOWS\System32\WindowsPowerShell\v1.0\;C:\WINDOWS\System32\OpenSSH\;F:\Fredwei\program\Java\jre\bin;"F:\Fredwei\program\package\apache-maven-3.3.9\bin;C:\Program Files\NVIDIA Corporation\NVIDIA NvDLISR;C:\WINDOWS\system32;C:\WINDOWS;C:\WINDOWS\System32\Wbem;C:\WINDOWS\System32\WindowsPowerShell\v1.0\;C:\WINDOWS\System32\OpenSSH\";C:\Program Files\Git\cmd;C:\WINDOWS\System32\OpenSSH\;C:\Program Files\Calibre2\;C:\Program Files\MySQL\MySQL Shell 8.0\bin\;C:\Users\韦兴宏\AppData\Local\Microsoft\WindowsApps;C:\Program Files\Intel\WiFi\bin\;C:\Program Files\Common Files\Intel\WirelessCommon\;F:\Fredwei\program\PyCharm 2019.1.1\bin;C:\Program Files\Bandizip\;C:\Users\韦兴宏\AppData\Local\GitHubDesktop\bin;C:\Users\韦兴宏\AppData\Local\Microsoft\WindowsApps;F:\Fredwei\program\DevEco Studio 2.2.0.200\bin;;F:\Fredwei\program\apache-tomcat-10.0.8\bin;;C:\Program Files\JetBrains\IntelliJ IDEA 2019.1.2\bin;
USERNAME=韦兴宏
OS=Windows_NT
PROCESSOR_IDENTIFIER=Intel64 Family 6 Model 158 Stepping 9, GenuineIntel



---------------  S Y S T E M  ---------------

OS: Windows 10 , 64 bit Build 19041 (10.0.19041.1202)
OS uptime: 0 days 3:45 hours
HyperV virtualization detected

CPU:total 4 (initial active 4) (4 cores per cpu, 1 threads per core) family 6 model 158 stepping 9, cmov, cx8, fxsr, mmx, sse, sse2, sse3, ssse3, sse4.1, sse4.2, popcnt, avx, avx2, aes, clmul, erms, 3dnowpref, lzcnt, tsc, tscinvbit, bmi1, bmi2, adx, fma

Memory: 4k page, system-wide physical 8084M (450M free)
TotalPageFile size 32660M (AvailPageFile size 4M)
current process WorkingSet (physical memory assigned to process): 462M, peak: 530M
current process commit charge ("private bytes"): 585M, peak: 605M

vm_info: OpenJDK 64-Bit Server VM (11.0.8+10-b944.6842174) for windows-amd64 JRE (11.0.8+10-b944.6842174), built on Sep 19 2020 01:11:42 by "builder" with MS VC++ 14.0 (VS2015)

END.
